#
# A fatal error has been detected by the Java Runtime Environment:
#
#  EXCEPTION_ACCESS_VIOLATION (0xc0000005) at pc=0x00007ffa38024879, pid=7984, tid=21208
#
# JRE version: Java(TM) SE Runtime Environment (11.0.1+13) (build 11.0.1+13-LTS)
# Java VM: Java HotSpot(TM) 64-Bit Server VM (11.0.1+13-LTS, mixed mode, tiered, compressed oops, g1 gc, windows-amd64)
# Problematic frame:
# C  [javafx_font.dll+0x4879]
#
# No core dump will be written. Minidumps are not enabled by default on client versions of Windows
#
# If you would like to submit a bug report, please visit:
#   http://bugreport.java.com/bugreport/crash.jsp
# The crash happened outside the Java Virtual Machine in native code.
# See problematic frame for where to report the bug.
#

---------------  S U M M A R Y ------------

Command Line: -agentlib:jdwp=transport=dt_socket,address=127.0.0.1:50996,suspend=y,server=n -ea --add-reads=de.raphaelmuesseler.financer.shared=org.hibernate.orm.core --add-reads=de.raphaelmuesseler.financer.shared=ALL-UNNAMED --add-opens=de.raphaelmuesseler.financer.shared/de.raphaelmuesseler.financer.shared.model.db=ALL-UNNAMED --add-opens=de.raphaelmuesseler.financer.client.javafx/de.raphaelmuesseler.financer.client.javafx.main=ALL-UNNAMED --add-exports=javafx.graphics/com.sun.javafx.application=ALL-UNNAMED --add-exports=javafx.graphics/com.sun.glass.ui=ALL-UNNAMED --add-exports=javafx.graphics/com.sun.javafx.css=org.controlsfx.controls --add-exports=javafx.graphics/com.sun.javafx.scene=com.jfoenix --add-exports=javafx.graphics/com.sun.javafx.stage=com.jfoenix --add-exports=javafx.controls/com.sun.javafx.scene.control.behavior=com.jfoenix --add-exports=javafx.controls/com.sun.javafx.scene.control=com.jfoenix --add-exports=javafx.base/com.sun.javafx.binding=com.jfoenix --add-exports=javafx.base/com.sun.javafx.event=com.jfoenix -Didea.test.cyclic.buffer.size=1048576 -javaagent:C:\Users\rapha\AppData\Local\JetBrains\Toolbox\apps\IDEA-U\ch-0\193.5662.53\plugins\Groovy\lib\agent\gragent.jar -javaagent:C:\Users\rapha\AppData\Local\JetBrains\Toolbox\apps\IDEA-U\ch-0\193.5662.53\plugins\java\lib\rt\debugger-agent.jar --patch-module=de.raphaelmuesseler.financer.client.javafx=C:/Users/rapha/workspace/de.raphaelmuesseler.financer/de.raphaelmuesseler.financer.client.javafx/target/test-classes --add-reads=de.raphaelmuesseler.financer.client.javafx=ALL-UNNAMED --add-opens=de.raphaelmuesseler.financer.client.javafx/de.raphaelmuesseler.financer.client.javafx.main=ALL-UNNAMED --add-modules=de.raphaelmuesseler.financer.client.javafx -Dfile.encoding=UTF-8 --module-path=C:\Users\rapha\.m2\repository\org\openjfx\javafx-base\11-ea+25\javafx-base-11-ea+25-win.jar;C:\Users\rapha\.m2\repository\org\openjfx\javafx-controls\11-ea+25\javafx-controls-11-ea+25-win.jar;C:\Users\rapha\workspace\de.raphaelmuesseler.financer\de.raphaelmuesseler.financer.util\target\classes;C:\Users\rapha\.m2\repository\org\controlsfx\controlsfx\11.0.0-RC2\controlsfx-11.0.0-RC2.jar;C:\Users\rapha\.m2\repository\org\openjfx\javafx-graphics\11-ea+25\javafx-graphics-11-ea+25-win.jar;C:\Users\rapha\workspace\de.raphaelmuesseler.financer\de.raphaelmuesseler.financer.client.javafx\target\classes;C:\Users\rapha\.m2\repository\org\openjfx\javafx-web\11\javafx-web-11-win.jar;C:\Users\rapha\workspace\de.raphaelmuesseler.financer\de.raphaelmuesseler.financer.client\target\classes;C:\Users\rapha\.m2\repository\com\jfoenix\jfoenix\9.0.9\jfoenix-9.0.9.jar;C:\Users\rapha\.m2\repository\org\openjfx\javafx-media\11\javafx-media-11-win.jar;C:\Users\rapha\workspace\de.raphaelmuesseler.financer\de.raphaelmuesseler.financer.shared\target\classes;C:\Users\rapha\.m2\repository\javax\persistence\javax.persistence-api\2.2\javax.persistence-api-2.2.jar;C:\Users\rapha\.m2\repository\org\openjfx\javafx-fxml\11.0.2\javafx-fxml-11.0.2-win.jar com.intellij.rt.junit.JUnitStarter -ideVersion5 -junit5 de.raphaelmuesseler.financer.client.javafx.main.CategoryTest,testCreateCategory

Host: AMD Ryzen 5 2600X Six-Core Processor           , 12 cores, 15G,  Windows 10 , 64 bit Build 18362 (10.0.18362.329)
Time: Mon Dec 23 15:52:33 2019 W. Europe Standard Time elapsed time: 73 seconds (0d 0h 1m 13s)

---------------  T H R E A D  ---------------

Current thread (0x0000026f00299000):  JavaThread "QuantumRenderer-0" daemon [_thread_in_native, id=21208, stack(0x000000c30da00000,0x000000c30db00000)]

Stack: [0x000000c30da00000,0x000000c30db00000],  sp=0x000000c30dafcf50,  free space=1011k
Native frames: (J=compiled Java code, j=interpreted, Vv=VM code, C=native code)
C  [javafx_font.dll+0x4879]

Java frames: (J=compiled Java code, j=interpreted, Vv=VM code)
j  com.sun.javafx.font.directwrite.OS.CreateBitmap(JIIII)J+0 javafx.graphics
j  com.sun.javafx.font.directwrite.IWICImagingFactory.CreateBitmap(IIII)Lcom/sun/javafx/font/directwrite/IWICBitmap;+9 javafx.graphics
j  com.sun.javafx.font.directwrite.DWGlyph.createBitmap(II)Lcom/sun/javafx/font/directwrite/IWICBitmap;+10 javafx.graphics
j  com.sun.javafx.font.directwrite.DWGlyph.getCachedBitmap()Lcom/sun/javafx/font/directwrite/IWICBitmap;+13 javafx.graphics
j  com.sun.javafx.font.directwrite.DWGlyph.getD2DMask(FFZ)[B+117 javafx.graphics
j  com.sun.javafx.font.directwrite.DWGlyph.getPixelData(I)[B+94 javafx.graphics
j  com.sun.prism.sw.SWGraphics.drawGlyph(Lcom/sun/javafx/font/FontStrike;Lcom/sun/javafx/scene/text/GlyphList;ILcom/sun/javafx/geom/transform/BaseTransform;ZFF)V+85 javafx.graphics
j  com.sun.prism.sw.SWGraphics.drawString(Lcom/sun/javafx/scene/text/GlyphList;Lcom/sun/javafx/font/FontStrike;FFLcom/sun/prism/paint/Color;II)V+352 javafx.graphics
j  com.sun.javafx.sg.prism.NGText.renderText(Lcom/sun/prism/Graphics;Lcom/sun/javafx/font/FontStrike;Lcom/sun/javafx/geom/BaseBounds;Lcom/sun/prism/paint/Color;I)V+198 javafx.graphics
j  com.sun.javafx.sg.prism.NGText.renderContent2D(Lcom/sun/prism/Graphics;Z)V+238 javafx.graphics
j  com.sun.javafx.sg.prism.NGShape.renderContent(Lcom/sun/prism/Graphics;)V+454 javafx.graphics
j  com.sun.javafx.sg.prism.NGNode.doRender(Lcom/sun/prism/Graphics;)V+330 javafx.graphics
j  com.sun.javafx.sg.prism.NGNode.render(Lcom/sun/prism/Graphics;)V+34 javafx.graphics
j  com.sun.javafx.sg.prism.NGGroup.renderContent(Lcom/sun/prism/Graphics;)V+151 javafx.graphics
j  com.sun.javafx.sg.prism.NGRegion.renderContent(Lcom/sun/prism/Graphics;)V+111 javafx.graphics
j  com.sun.javafx.sg.prism.NGNode.doRender(Lcom/sun/prism/Graphics;)V+330 javafx.graphics
j  com.sun.javafx.sg.prism.NGNode.render(Lcom/sun/prism/Graphics;)V+34 javafx.graphics
j  com.sun.javafx.sg.prism.NGGroup.renderContent(Lcom/sun/prism/Graphics;)V+151 javafx.graphics
j  com.sun.javafx.sg.prism.NGRegion.renderContent(Lcom/sun/prism/Graphics;)V+111 javafx.graphics
j  com.sun.javafx.sg.prism.NGNode.doRender(Lcom/sun/prism/Graphics;)V+330 javafx.graphics
j  com.sun.javafx.sg.prism.NGNode.render(Lcom/sun/prism/Graphics;)V+34 javafx.graphics
j  com.sun.javafx.sg.prism.NGGroup.renderContent(Lcom/sun/prism/Graphics;)V+151 javafx.graphics
j  com.sun.javafx.sg.prism.NGRegion.renderContent(Lcom/sun/prism/Graphics;)V+111 javafx.graphics
j  com.sun.javafx.sg.prism.NGNode.doRender(Lcom/sun/prism/Graphics;)V+330 javafx.graphics
j  com.sun.javafx.sg.prism.NGNode.render(Lcom/sun/prism/Graphics;)V+34 javafx.graphics
j  com.sun.javafx.sg.prism.NGGroup.renderContent(Lcom/sun/prism/Graphics;)V+151 javafx.graphics
j  com.sun.javafx.sg.prism.NGRegion.renderContent(Lcom/sun/prism/Graphics;)V+111 javafx.graphics
j  com.sun.javafx.sg.prism.NGNode.doRender(Lcom/sun/prism/Graphics;)V+330 javafx.graphics
j  com.sun.javafx.sg.prism.NGNode.render(Lcom/sun/prism/Graphics;)V+34 javafx.graphics
j  com.sun.javafx.sg.prism.NGGroup.renderContent(Lcom/sun/prism/Graphics;)V+151 javafx.graphics
j  com.sun.javafx.sg.prism.NGRegion.renderContent(Lcom/sun/prism/Graphics;)V+111 javafx.graphics
j  com.sun.javafx.sg.prism.NGNode.doRender(Lcom/sun/prism/Graphics;)V+330 javafx.graphics
j  com.sun.javafx.sg.prism.NGNode.render(Lcom/sun/prism/Graphics;)V+34 javafx.graphics
j  com.sun.javafx.tk.quantum.ViewPainter.doPaint(Lcom/sun/prism/Graphics;Lcom/sun/javafx/sg/prism/NodePath;)V+201 javafx.graphics
j  com.sun.javafx.tk.quantum.ViewPainter.paintImpl(Lcom/sun/prism/Graphics;)V+961 javafx.graphics
j  com.sun.javafx.tk.quantum.UploadingPainter.run()V+741 javafx.graphics
j  java.util.concurrent.Executors$RunnableAdapter.call()Ljava/lang/Object;+4 java.base@11.0.1
j  java.util.concurrent.FutureTask.runAndReset$$$capture()Z+44 java.base@11.0.1
j  java.util.concurrent.FutureTask.runAndReset()Z+5 java.base@11.0.1
j  com.sun.javafx.tk.RenderJob.run()V+1 javafx.graphics
j  java.util.concurrent.ThreadPoolExecutor.runWorker(Ljava/util/concurrent/ThreadPoolExecutor$Worker;)V+92 java.base@11.0.1
j  java.util.concurrent.ThreadPoolExecutor$Worker.run()V+5 java.base@11.0.1
j  com.sun.javafx.tk.quantum.QuantumRenderer$PipelineRunnable.run()V+8 javafx.graphics
j  java.lang.Thread.run()V+11 java.base@11.0.1
v  ~StubRoutines::call_stub

siginfo: EXCEPTION_ACCESS_VIOLATION (0xc0000005), reading address 0x00007ffa41b77678


Register to memory mapping:

RIP=0x00007ffa38024879 javafx_font.dll
RAX=0x0000000000000001 is an unknown value
RBX=0x0 is NULL
RCX=0x0000026f7f952510 points into unknown readable memory
RDX=0x0000000000000100 is an unknown value
RSP=0x000000c30dafcf50 is pointing into the stack for thread: 0x0000026f00299000
RBP=0x000000c30dafd048 is pointing into the stack for thread: 0x0000026f00299000
RSI=0x0000000000000020 is an unknown value
RDI=0x0000000000000100 is an unknown value
R8 =0x0000000000000100 is an unknown value
R9 =0x000000c30dafcf88 is pointing into the stack for thread: 0x0000026f00299000
R10=0x00007ffa41b775f0 is an unknown value
R11=0x0000026f7f952510 points into unknown readable memory
R12=0x0 is NULL
R13={method} {0x0000026f04c18990} 'CreateBitmap' '(JIIII)J' in 'com/sun/javafx/font/directwrite/OS'
R14=0x000000c30dafd090 is pointing into the stack for thread: 0x0000026f00299000
R15=0x0000026f00299000 is a thread


Registers:
RAX=0x0000000000000001, RBX=0x0000000000000000, RCX=0x0000026f7f952510, RDX=0x0000000000000100
RSP=0x000000c30dafcf50, RBP=0x000000c30dafd048, RSI=0x0000000000000020, RDI=0x0000000000000100
R8 =0x0000000000000100, R9 =0x000000c30dafcf88, R10=0x00007ffa41b775f0, R11=0x0000026f7f952510
R12=0x0000000000000000, R13=0x0000026f04c18988, R14=0x000000c30dafd090, R15=0x0000026f00299000
RIP=0x00007ffa38024879, EFLAGS=0x0000000000010206

Top of Stack: (sp=0x000000c30dafcf50)
0x000000c30dafcf50:   0000000000000020 0000026f608d02b8
0x000000c30dafcf60:   0000026f04c18988 0000026f00299000
0x000000c30dafcf70:   0000026f00000001 000000c30dafcf80
0x000000c30dafcf80:   0000000000000000 4bfe4e036fddc324
0x000000c30dafcf90:   10c98d76773d85b1 0000265eb6f16add
0x000000c30dafcfa0:   0000026f6087bb61 0000026f60885c56
0x000000c30dafcfb0:   0000026f04c18988 0000000000000020
0x000000c30dafcfc0:   0000026f6087bb61 0000026f6088557c
0x000000c30dafcfd0:   0000026f00000100 0000026f00000008
0x000000c30dafcfe0:   0000000000000001 0000000000000020
0x000000c30dafcff0:   0000026f6087bb61 0000026f60885536
0x000000c30dafd000:   000000c30dafd000 0000026f04c18988
0x000000c30dafd010:   000000c30dafd090 0000026f04c19380
0x000000c30dafd020:   0000000000000000 00000006d03ff248
0x000000c30dafd030:   0000026f04c18988 0000000000000000
0x000000c30dafd040:   000000c30dafd068 000000c30dafd0e0 

Instructions: (pc=0x00007ffa38024879)
0x00007ffa38024859:   84 24 80 00 00 00 4c 8d 4c 24 38 48 89 44 24 28
0x00007ffa38024869:   8b d7 8b 84 24 90 00 00 00 49 8b cb 89 44 24 20
0x00007ffa38024879:   41 ff 92 88 00 00 00 85 c0 48 0f 49 5c 24 30 48
0x00007ffa38024889:   8b c3 48 8b 4c 24 48 48 33 cc e8 68 44 00 00 48 



---------------  P R O C E S S  ---------------

Threads class SMR info:
_java_thread_list=0x0000026f7e8b9e10, length=29, elements={
0x0000026f56d2f000, 0x0000026f7d310000, 0x0000026f7d334800, 0x0000026f7d38e800,
0x0000026f7d391800, 0x0000026f7d392800, 0x0000026f7d39c000, 0x0000026f7d3a2000,
0x0000026f7d48a000, 0x0000026f7e24b000, 0x0000026f7dcfe800, 0x0000026f7dc65800,
0x0000026f7e55d800, 0x0000026f7eebd000, 0x0000026f01c87800, 0x0000026f00fcc000,
0x0000026f00299000, 0x0000026f00ceb000, 0x0000026f0088d800, 0x0000026f7d8d6000,
0x0000026f00d0b800, 0x0000026f7e934800, 0x0000026f7e8cd000, 0x0000026f7e8ca800,
0x0000026f7e8cb800, 0x0000026f7d5be000, 0x0000026f7e8cf000, 0x0000026f0224b800,
0x0000026f7e8ce000
}

Java Threads: ( => current thread )
  0x0000026f56d2f000 JavaThread "main" [_thread_blocked, id=11852, stack(0x000000c30bd00000,0x000000c30be00000)]
  0x0000026f7d310000 JavaThread "Reference Handler" daemon [_thread_blocked, id=20696, stack(0x000000c30c400000,0x000000c30c500000)]
  0x0000026f7d334800 JavaThread "Finalizer" daemon [_thread_blocked, id=15608, stack(0x000000c30c500000,0x000000c30c600000)]
  0x0000026f7d38e800 JavaThread "Signal Dispatcher" daemon [_thread_blocked, id=8248, stack(0x000000c30c600000,0x000000c30c700000)]
  0x0000026f7d391800 JavaThread "Attach Listener" daemon [_thread_blocked, id=15620, stack(0x000000c30c700000,0x000000c30c800000)]
  0x0000026f7d392800 JavaThread "C2 CompilerThread0" daemon [_thread_blocked, id=1380, stack(0x000000c30c800000,0x000000c30c900000)]
  0x0000026f7d39c000 JavaThread "C1 CompilerThread0" daemon [_thread_blocked, id=5040, stack(0x000000c30c900000,0x000000c30ca00000)]
  0x0000026f7d3a2000 JavaThread "Sweeper thread" daemon [_thread_blocked, id=13948, stack(0x000000c30ca00000,0x000000c30cb00000)]
  0x0000026f7d48a000 JavaThread "Common-Cleaner" daemon [_thread_blocked, id=4172, stack(0x000000c30cb00000,0x000000c30cc00000)]
  0x0000026f7e24b000 JavaThread "JDWP Transport Listener: dt_socket" daemon [_thread_blocked, id=9312, stack(0x000000c30ce00000,0x000000c30cf00000)]
  0x0000026f7dcfe800 JavaThread "JDWP Event Helper Thread" daemon [_thread_blocked, id=6380, stack(0x000000c30cf00000,0x000000c30d000000)]
  0x0000026f7dc65800 JavaThread "JDWP Command Reader" daemon [_thread_in_native, id=2556, stack(0x000000c30d000000,0x000000c30d100000)]
  0x0000026f7e55d800 JavaThread "Service Thread" daemon [_thread_blocked, id=12672, stack(0x000000c30d100000,0x000000c30d200000)]
  0x0000026f7eebd000 JavaThread "Thread-0" [_thread_in_native, id=17176, stack(0x000000c30d800000,0x000000c30d900000)]
  0x0000026f01c87800 JavaThread "testfx-async-pool-thread-1" daemon [_thread_blocked, id=17348, stack(0x000000c30cd00000,0x000000c30ce00000)]
  0x0000026f00fcc000 JavaThread "JavaFX-Launcher" daemon [_thread_blocked, id=19988, stack(0x000000c30d900000,0x000000c30da00000)]
=>0x0000026f00299000 JavaThread "QuantumRenderer-0" daemon [_thread_in_native, id=21208, stack(0x000000c30da00000,0x000000c30db00000)]
  0x0000026f00ceb000 JavaThread "JavaFX Application Thread" daemon [_thread_blocked, id=9316, stack(0x000000c30db00000,0x000000c30dc00000)]
  0x0000026f0088d800 JavaThread "Timer-0" daemon [_thread_blocked, id=5636, stack(0x000000c30dc00000,0x000000c30dd00000)]
  0x0000026f7d8d6000 JavaThread "C3P0PooledConnectionPoolManager[identityToken->2rwcn5a7e7udp51495dg9|52cb4f50]-AdminTaskTimer" daemon [_thread_blocked, id=21212, stack(0x000000c30df00000,0x000000c30e000000)]
  0x0000026f00d0b800 JavaThread "C3P0PooledConnectionPoolManager[identityToken->2rwcn5a7e7udp51495dg9|52cb4f50]-HelperThread-#0" daemon [_thread_blocked, id=16336, stack(0x000000c30e000000,0x000000c30e100000)]
  0x0000026f7e934800 JavaThread "C3P0PooledConnectionPoolManager[identityToken->2rwcn5a7e7udp51495dg9|52cb4f50]-HelperThread-#1" daemon [_thread_blocked, id=15300, stack(0x000000c30e200000,0x000000c30e300000)]
  0x0000026f7e8cd000 JavaThread "C3P0PooledConnectionPoolManager[identityToken->2rwcn5a7e7udp51495dg9|52cb4f50]-HelperThread-#2" daemon [_thread_blocked, id=20876, stack(0x000000c30e300000,0x000000c30e400000)]
  0x0000026f7e8ca800 JavaThread "mysql-cj-abandoned-connection-cleanup" daemon [_thread_blocked, id=5676, stack(0x000000c30e100000,0x000000c30e200000)]
  0x0000026f7e8cb800 JavaThread "testfx-async-pool-thread-3" daemon [_thread_blocked, id=8028, stack(0x000000c30dd00000,0x000000c30de00000)]
  0x0000026f7d5be000 JavaThread "C2 CompilerThread1" daemon [_thread_blocked, id=5864, stack(0x000000c30e600000,0x000000c30e700000)]
  0x0000026f7e8cf000 JavaThread "Prism Font Disposer" daemon [_thread_blocked, id=5908, stack(0x000000c30e800000,0x000000c30e900000)]
  0x0000026f0224b800 JavaThread "C2 CompilerThread2" daemon [_thread_blocked, id=5808, stack(0x000000c30e700000,0x000000c30e800000)]
  0x0000026f7e8ce000 JavaThread "Cleaner-0" daemon [_thread_blocked, id=6932, stack(0x000000c30e900000,0x000000c30ea00000)]

Other Threads:
  0x0000026f7d30d000 VMThread "VM Thread" [stack: 0x000000c30c300000,0x000000c30c400000] [id=14284]
  0x0000026f7deeb800 WatcherThread [stack: 0x000000c30d200000,0x000000c30d300000] [id=15104]
  0x0000026f56d46000 GCTaskThread "GC Thread#0" [stack: 0x000000c30be00000,0x000000c30bf00000] [id=15804]
  0x0000026f7e9b8800 GCTaskThread "GC Thread#1" [stack: 0x000000c30d300000,0x000000c30d400000] [id=16900]
  0x0000026f7e6bf000 GCTaskThread "GC Thread#2" [stack: 0x000000c30d400000,0x000000c30d500000] [id=19276]
  0x0000026f7e6bf800 GCTaskThread "GC Thread#3" [stack: 0x000000c30d500000,0x000000c30d600000] [id=15768]
  0x0000026f7e1be000 GCTaskThread "GC Thread#4" [stack: 0x000000c30d600000,0x000000c30d700000] [id=21092]
  0x0000026f7e1be800 GCTaskThread "GC Thread#5" [stack: 0x000000c30d700000,0x000000c30d800000] [id=5300]
  0x0000026f56da4800 ConcurrentGCThread "G1 Main Marker" [stack: 0x000000c30bf00000,0x000000c30c000000] [id=7964]
  0x0000026f56da6000 ConcurrentGCThread "G1 Conc#0" [stack: 0x000000c30c000000,0x000000c30c100000] [id=15576]
  0x0000026f7d3d5800 ConcurrentGCThread "G1 Conc#1" [stack: 0x000000c30cc00000,0x000000c30cd00000] [id=6472]
  0x0000026f7e13e800 ConcurrentGCThread "G1 Conc#2" [stack: 0x000000c30de00000,0x000000c30df00000] [id=10612]
  0x0000026f56dee800 ConcurrentGCThread "G1 Refine#0" [stack: 0x000000c30c100000,0x000000c30c200000] [id=11276]
  0x0000026f7c309800 ConcurrentGCThread "G1 Young RemSet Sampling" [stack: 0x000000c30c200000,0x000000c30c300000] [id=3348]

Threads with active compile tasks:

VM state:not at safepoint (normal execution)

VM Mutex/Monitor currently owned by a thread: None

Heap address: 0x00000006c0c00000, size: 4084 MB, Compressed Oops mode: Zero based, Oop shift amount: 3
Narrow klass base: 0x0000000000000000, Narrow klass shift: 3
Compressed class space size: 1073741824 Address: 0x00000007c0000000

Heap:
 garbage-first heap   total 262144K, used 65747K [0x00000006c0c00000, 0x00000007c0000000)
  region size 1024K, 56 young (57344K), 11 survivors (11264K)
 Metaspace       used 58039K, capacity 59517K, committed 59648K, reserved 1101824K
  class space    used 7541K, capacity 8147K, committed 8192K, reserved 1048576K
Heap Regions: E=young(eden), S=young(survivor), O=old, HS=humongous(starts), HC=humongous(continues), CS=collection set, F=free, A=archive, TAMS=top-at-mark-start (previous, next)
|   0|0x00000006c0c00000, 0x00000006c0d00000, 0x00000006c0d00000|100%|HS|  |TAMS 0x00000006c0d00000, 0x00000006c0c00000| Complete 
|   1|0x00000006c0d00000, 0x00000006c0e00000, 0x00000006c0e00000|100%| O|  |TAMS 0x00000006c0e00000, 0x00000006c0d00000| Untracked 
|   2|0x00000006c0e00000, 0x00000006c0f00000, 0x00000006c0f00000|100%| O|  |TAMS 0x00000006c0e24800, 0x00000006c0e00000| Untracked 
|   3|0x00000006c0f00000, 0x00000006c1000000, 0x00000006c1000000|100%|HS|  |TAMS 0x00000006c1000000, 0x00000006c0f00000| Complete 
|   4|0x00000006c1000000, 0x00000006c1100000, 0x00000006c1100000|100%|HC|  |TAMS 0x00000006c1100000, 0x00000006c1000000| Complete 
|   5|0x00000006c1100000, 0x00000006c1200000, 0x00000006c1200000|100%|HC|  |TAMS 0x00000006c1200000, 0x00000006c1100000| Complete 
|   6|0x00000006c1200000, 0x00000006c1300000, 0x00000006c1300000|100%|HC|  |TAMS 0x00000006c1300000, 0x00000006c1200000| Complete 
|   7|0x00000006c1300000, 0x00000006c1400000, 0x00000006c1400000|100%| O|  |TAMS 0x00000006c1300000, 0x00000006c1300000| Untracked 
|   8|0x00000006c1400000, 0x00000006c1500000, 0x00000006c1500000|100%| O|  |TAMS 0x00000006c1400000, 0x00000006c1400000| Untracked 
|   9|0x00000006c1500000, 0x00000006c1501200, 0x00000006c1600000|  0%| O|  |TAMS 0x00000006c1500000, 0x00000006c1500000| Untracked 
|  10|0x00000006c1600000, 0x00000006c1700000, 0x00000006c1700000|100%|HS|  |TAMS 0x00000006c1600000, 0x00000006c1600000| Complete 
|  11|0x00000006c1700000, 0x00000006c1800000, 0x00000006c1800000|100%|HC|  |TAMS 0x00000006c1700000, 0x00000006c1700000| Complete 
|  12|0x00000006c1800000, 0x00000006c1800000, 0x00000006c1900000|  0%| F|  |TAMS 0x00000006c1800000, 0x00000006c1800000| Untracked 
|  13|0x00000006c1900000, 0x00000006c1900000, 0x00000006c1a00000|  0%| F|  |TAMS 0x00000006c1900000, 0x00000006c1900000| Untracked 
|  14|0x00000006c1a00000, 0x00000006c1a00000, 0x00000006c1b00000|  0%| F|  |TAMS 0x00000006c1a00000, 0x00000006c1a00000| Untracked 
|  15|0x00000006c1b00000, 0x00000006c1b00000, 0x00000006c1c00000|  0%| F|  |TAMS 0x00000006c1b00000, 0x00000006c1b00000| Untracked 
|  16|0x00000006c1c00000, 0x00000006c1c00000, 0x00000006c1d00000|  0%| F|  |TAMS 0x00000006c1c00000, 0x00000006c1c00000| Untracked 
|  17|0x00000006c1d00000, 0x00000006c1d00000, 0x00000006c1e00000|  0%| F|  |TAMS 0x00000006c1d00000, 0x00000006c1d00000| Untracked 
|  18|0x00000006c1e00000, 0x00000006c1e00000, 0x00000006c1f00000|  0%| F|  |TAMS 0x00000006c1e00000, 0x00000006c1e00000| Untracked 
|  19|0x00000006c1f00000, 0x00000006c1f00000, 0x00000006c2000000|  0%| F|  |TAMS 0x00000006c1f00000, 0x00000006c1f00000| Untracked 
|  20|0x00000006c2000000, 0x00000006c2000000, 0x00000006c2100000|  0%| F|  |TAMS 0x00000006c2000000, 0x00000006c2000000| Untracked 
|  21|0x00000006c2100000, 0x00000006c2100000, 0x00000006c2200000|  0%| F|  |TAMS 0x00000006c2100000, 0x00000006c2100000| Untracked 
|  22|0x00000006c2200000, 0x00000006c2200000, 0x00000006c2300000|  0%| F|  |TAMS 0x00000006c2200000, 0x00000006c2200000| Untracked 
|  23|0x00000006c2300000, 0x00000006c2300000, 0x00000006c2400000|  0%| F|  |TAMS 0x00000006c2300000, 0x00000006c2300000| Untracked 
|  24|0x00000006c2400000, 0x00000006c2400000, 0x00000006c2500000|  0%| F|  |TAMS 0x00000006c2400000, 0x00000006c2400000| Untracked 
|  25|0x00000006c2500000, 0x00000006c2500000, 0x00000006c2600000|  0%| F|  |TAMS 0x00000006c2500000, 0x00000006c2500000| Untracked 
|  26|0x00000006c2600000, 0x00000006c2600000, 0x00000006c2700000|  0%| F|  |TAMS 0x00000006c2600000, 0x00000006c2600000| Untracked 
|  27|0x00000006c2700000, 0x00000006c2700000, 0x00000006c2800000|  0%| F|  |TAMS 0x00000006c2700000, 0x00000006c2700000| Untracked 
|  28|0x00000006c2800000, 0x00000006c2800000, 0x00000006c2900000|  0%| F|  |TAMS 0x00000006c2800000, 0x00000006c2800000| Untracked 
|  29|0x00000006c2900000, 0x00000006c2900000, 0x00000006c2a00000|  0%| F|  |TAMS 0x00000006c2900000, 0x00000006c2900000| Untracked 
|  30|0x00000006c2a00000, 0x00000006c2a00000, 0x00000006c2b00000|  0%| F|  |TAMS 0x00000006c2a00000, 0x00000006c2a00000| Untracked 
|  31|0x00000006c2b00000, 0x00000006c2b00000, 0x00000006c2c00000|  0%| F|  |TAMS 0x00000006c2b00000, 0x00000006c2b00000| Untracked 
|  32|0x00000006c2c00000, 0x00000006c2c00000, 0x00000006c2d00000|  0%| F|  |TAMS 0x00000006c2c00000, 0x00000006c2c00000| Untracked 
|  33|0x00000006c2d00000, 0x00000006c2d00000, 0x00000006c2e00000|  0%| F|  |TAMS 0x00000006c2d00000, 0x00000006c2d00000| Untracked 
|  34|0x00000006c2e00000, 0x00000006c2e00000, 0x00000006c2f00000|  0%| F|  |TAMS 0x00000006c2e00000, 0x00000006c2e00000| Untracked 
|  35|0x00000006c2f00000, 0x00000006c2f00000, 0x00000006c3000000|  0%| F|  |TAMS 0x00000006c2f00000, 0x00000006c2f00000| Untracked 
|  36|0x00000006c3000000, 0x00000006c3000000, 0x00000006c3100000|  0%| F|  |TAMS 0x00000006c3000000, 0x00000006c3000000| Untracked 
|  37|0x00000006c3100000, 0x00000006c3100000, 0x00000006c3200000|  0%| F|  |TAMS 0x00000006c3100000, 0x00000006c3100000| Untracked 
|  38|0x00000006c3200000, 0x00000006c3200000, 0x00000006c3300000|  0%| F|  |TAMS 0x00000006c3200000, 0x00000006c3200000| Untracked 
|  39|0x00000006c3300000, 0x00000006c3300000, 0x00000006c3400000|  0%| F|  |TAMS 0x00000006c3300000, 0x00000006c3300000| Untracked 
|  40|0x00000006c3400000, 0x00000006c3400000, 0x00000006c3500000|  0%| F|  |TAMS 0x00000006c3400000, 0x00000006c3400000| Untracked 
|  41|0x00000006c3500000, 0x00000006c3500000, 0x00000006c3600000|  0%| F|  |TAMS 0x00000006c3500000, 0x00000006c3500000| Untracked 
|  42|0x00000006c3600000, 0x00000006c3600000, 0x00000006c3700000|  0%| F|  |TAMS 0x00000006c3600000, 0x00000006c3600000| Untracked 
|  43|0x00000006c3700000, 0x00000006c3700000, 0x00000006c3800000|  0%| F|  |TAMS 0x00000006c3700000, 0x00000006c3700000| Untracked 
|  44|0x00000006c3800000, 0x00000006c3800000, 0x00000006c3900000|  0%| F|  |TAMS 0x00000006c3800000, 0x00000006c3800000| Untracked 
|  45|0x00000006c3900000, 0x00000006c3900000, 0x00000006c3a00000|  0%| F|  |TAMS 0x00000006c3900000, 0x00000006c3900000| Untracked 
|  46|0x00000006c3a00000, 0x00000006c3a00000, 0x00000006c3b00000|  0%| F|  |TAMS 0x00000006c3a00000, 0x00000006c3a00000| Untracked 
|  47|0x00000006c3b00000, 0x00000006c3b00000, 0x00000006c3c00000|  0%| F|  |TAMS 0x00000006c3b00000, 0x00000006c3b00000| Untracked 
|  48|0x00000006c3c00000, 0x00000006c3c00000, 0x00000006c3d00000|  0%| F|  |TAMS 0x00000006c3c00000, 0x00000006c3c00000| Untracked 
|  49|0x00000006c3d00000, 0x00000006c3d00000, 0x00000006c3e00000|  0%| F|  |TAMS 0x00000006c3d00000, 0x00000006c3d00000| Untracked 
|  50|0x00000006c3e00000, 0x00000006c3e00000, 0x00000006c3f00000|  0%| F|  |TAMS 0x00000006c3e00000, 0x00000006c3e00000| Untracked 
|  51|0x00000006c3f00000, 0x00000006c3f00000, 0x00000006c4000000|  0%| F|  |TAMS 0x00000006c3f00000, 0x00000006c3f00000| Untracked 
|  52|0x00000006c4000000, 0x00000006c4000000, 0x00000006c4100000|  0%| F|  |TAMS 0x00000006c4000000, 0x00000006c4000000| Untracked 
|  53|0x00000006c4100000, 0x00000006c4100000, 0x00000006c4200000|  0%| F|  |TAMS 0x00000006c4100000, 0x00000006c4100000| Untracked 
|  54|0x00000006c4200000, 0x00000006c4200000, 0x00000006c4300000|  0%| F|  |TAMS 0x00000006c4200000, 0x00000006c4200000| Untracked 
|  55|0x00000006c4300000, 0x00000006c4300000, 0x00000006c4400000|  0%| F|  |TAMS 0x00000006c4300000, 0x00000006c4300000| Untracked 
|  56|0x00000006c4400000, 0x00000006c4400000, 0x00000006c4500000|  0%| F|  |TAMS 0x00000006c4400000, 0x00000006c4400000| Untracked 
|  57|0x00000006c4500000, 0x00000006c4500000, 0x00000006c4600000|  0%| F|  |TAMS 0x00000006c4500000, 0x00000006c4500000| Untracked 
|  58|0x00000006c4600000, 0x00000006c4600000, 0x00000006c4700000|  0%| F|  |TAMS 0x00000006c4600000, 0x00000006c4600000| Untracked 
|  59|0x00000006c4700000, 0x00000006c4700000, 0x00000006c4800000|  0%| F|  |TAMS 0x00000006c4700000, 0x00000006c4700000| Untracked 
|  60|0x00000006c4800000, 0x00000006c4800000, 0x00000006c4900000|  0%| F|  |TAMS 0x00000006c4800000, 0x00000006c4800000| Untracked 
|  61|0x00000006c4900000, 0x00000006c4900000, 0x00000006c4a00000|  0%| F|  |TAMS 0x00000006c4900000, 0x00000006c4900000| Untracked 
|  62|0x00000006c4a00000, 0x00000006c4a00000, 0x00000006c4b00000|  0%| F|  |TAMS 0x00000006c4a00000, 0x00000006c4a00000| Untracked 
|  63|0x00000006c4b00000, 0x00000006c4b00000, 0x00000006c4c00000|  0%| F|  |TAMS 0x00000006c4b00000, 0x00000006c4b00000| Untracked 
|  64|0x00000006c4c00000, 0x00000006c4c00000, 0x00000006c4d00000|  0%| F|  |TAMS 0x00000006c4c00000, 0x00000006c4c00000| Untracked 
|  65|0x00000006c4d00000, 0x00000006c4d00000, 0x00000006c4e00000|  0%| F|  |TAMS 0x00000006c4d00000, 0x00000006c4d00000| Untracked 
|  66|0x00000006c4e00000, 0x00000006c4e00000, 0x00000006c4f00000|  0%| F|  |TAMS 0x00000006c4e00000, 0x00000006c4e00000| Untracked 
|  67|0x00000006c4f00000, 0x00000006c4f00000, 0x00000006c5000000|  0%| F|  |TAMS 0x00000006c4f00000, 0x00000006c4f00000| Untracked 
|  68|0x00000006c5000000, 0x00000006c5000000, 0x00000006c5100000|  0%| F|  |TAMS 0x00000006c5000000, 0x00000006c5000000| Untracked 
|  69|0x00000006c5100000, 0x00000006c5100000, 0x00000006c5200000|  0%| F|  |TAMS 0x00000006c5100000, 0x00000006c5100000| Untracked 
|  70|0x00000006c5200000, 0x00000006c5200000, 0x00000006c5300000|  0%| F|  |TAMS 0x00000006c5200000, 0x00000006c5200000| Untracked 
|  71|0x00000006c5300000, 0x00000006c5300000, 0x00000006c5400000|  0%| F|  |TAMS 0x00000006c5300000, 0x00000006c5300000| Untracked 
|  72|0x00000006c5400000, 0x00000006c5400000, 0x00000006c5500000|  0%| F|  |TAMS 0x00000006c5400000, 0x00000006c5400000| Untracked 
|  73|0x00000006c5500000, 0x00000006c5500000, 0x00000006c5600000|  0%| F|  |TAMS 0x00000006c5500000, 0x00000006c5500000| Untracked 
|  74|0x00000006c5600000, 0x00000006c5600000, 0x00000006c5700000|  0%| F|  |TAMS 0x00000006c5600000, 0x00000006c5600000| Untracked 
|  75|0x00000006c5700000, 0x00000006c5700000, 0x00000006c5800000|  0%| F|  |TAMS 0x00000006c5700000, 0x00000006c5700000| Untracked 
|  76|0x00000006c5800000, 0x00000006c5800000, 0x00000006c5900000|  0%| F|  |TAMS 0x00000006c5800000, 0x00000006c5800000| Untracked 
|  77|0x00000006c5900000, 0x00000006c5900000, 0x00000006c5a00000|  0%| F|  |TAMS 0x00000006c5900000, 0x00000006c5900000| Untracked 
|  78|0x00000006c5a00000, 0x00000006c5a00000, 0x00000006c5b00000|  0%| F|  |TAMS 0x00000006c5a00000, 0x00000006c5a00000| Untracked 
|  79|0x00000006c5b00000, 0x00000006c5b00000, 0x00000006c5c00000|  0%| F|  |TAMS 0x00000006c5b00000, 0x00000006c5b00000| Untracked 
|  80|0x00000006c5c00000, 0x00000006c5c00000, 0x00000006c5d00000|  0%| F|  |TAMS 0x00000006c5c00000, 0x00000006c5c00000| Untracked 
|  81|0x00000006c5d00000, 0x00000006c5d00000, 0x00000006c5e00000|  0%| F|  |TAMS 0x00000006c5d00000, 0x00000006c5d00000| Untracked 
|  82|0x00000006c5e00000, 0x00000006c5e00000, 0x00000006c5f00000|  0%| F|  |TAMS 0x00000006c5e00000, 0x00000006c5e00000| Untracked 
|  83|0x00000006c5f00000, 0x00000006c5f00000, 0x00000006c6000000|  0%| F|  |TAMS 0x00000006c5f00000, 0x00000006c5f00000| Untracked 
|  84|0x00000006c6000000, 0x00000006c6000000, 0x00000006c6100000|  0%| F|  |TAMS 0x00000006c6000000, 0x00000006c6000000| Untracked 
|  85|0x00000006c6100000, 0x00000006c6100000, 0x00000006c6200000|  0%| F|  |TAMS 0x00000006c6100000, 0x00000006c6100000| Untracked 
|  86|0x00000006c6200000, 0x00000006c6200000, 0x00000006c6300000|  0%| F|  |TAMS 0x00000006c6200000, 0x00000006c6200000| Untracked 
|  87|0x00000006c6300000, 0x00000006c6300000, 0x00000006c6400000|  0%| F|  |TAMS 0x00000006c6300000, 0x00000006c6300000| Untracked 
|  88|0x00000006c6400000, 0x00000006c6400000, 0x00000006c6500000|  0%| F|  |TAMS 0x00000006c6400000, 0x00000006c6400000| Untracked 
|  89|0x00000006c6500000, 0x00000006c6500000, 0x00000006c6600000|  0%| F|  |TAMS 0x00000006c6500000, 0x00000006c6500000| Untracked 
|  90|0x00000006c6600000, 0x00000006c6600000, 0x00000006c6700000|  0%| F|  |TAMS 0x00000006c6600000, 0x00000006c6600000| Untracked 
|  91|0x00000006c6700000, 0x00000006c6700000, 0x00000006c6800000|  0%| F|  |TAMS 0x00000006c6700000, 0x00000006c6700000| Untracked 
|  92|0x00000006c6800000, 0x00000006c6800000, 0x00000006c6900000|  0%| F|  |TAMS 0x00000006c6800000, 0x00000006c6800000| Untracked 
|  93|0x00000006c6900000, 0x00000006c6900000, 0x00000006c6a00000|  0%| F|  |TAMS 0x00000006c6900000, 0x00000006c6900000| Untracked 
|  94|0x00000006c6a00000, 0x00000006c6a00000, 0x00000006c6b00000|  0%| F|  |TAMS 0x00000006c6a00000, 0x00000006c6a00000| Untracked 
|  95|0x00000006c6b00000, 0x00000006c6b00000, 0x00000006c6c00000|  0%| F|  |TAMS 0x00000006c6b00000, 0x00000006c6b00000| Untracked 
|  96|0x00000006c6c00000, 0x00000006c6c00000, 0x00000006c6d00000|  0%| F|  |TAMS 0x00000006c6c00000, 0x00000006c6c00000| Untracked 
|  97|0x00000006c6d00000, 0x00000006c6d00000, 0x00000006c6e00000|  0%| F|  |TAMS 0x00000006c6d00000, 0x00000006c6d00000| Untracked 
|  98|0x00000006c6e00000, 0x00000006c6e00000, 0x00000006c6f00000|  0%| F|  |TAMS 0x00000006c6e00000, 0x00000006c6e00000| Untracked 
|  99|0x00000006c6f00000, 0x00000006c6f00000, 0x00000006c7000000|  0%| F|  |TAMS 0x00000006c6f00000, 0x00000006c6f00000| Untracked 
| 100|0x00000006c7000000, 0x00000006c7000000, 0x00000006c7100000|  0%| F|  |TAMS 0x00000006c7000000, 0x00000006c7000000| Untracked 
| 101|0x00000006c7100000, 0x00000006c7100000, 0x00000006c7200000|  0%| F|  |TAMS 0x00000006c7100000, 0x00000006c7100000| Untracked 
| 102|0x00000006c7200000, 0x00000006c7200000, 0x00000006c7300000|  0%| F|  |TAMS 0x00000006c7200000, 0x00000006c7200000| Untracked 
| 103|0x00000006c7300000, 0x00000006c7300000, 0x00000006c7400000|  0%| F|  |TAMS 0x00000006c7300000, 0x00000006c7300000| Untracked 
| 104|0x00000006c7400000, 0x00000006c7400000, 0x00000006c7500000|  0%| F|  |TAMS 0x00000006c7400000, 0x00000006c7400000| Untracked 
| 105|0x00000006c7500000, 0x00000006c7500000, 0x00000006c7600000|  0%| F|  |TAMS 0x00000006c7500000, 0x00000006c7500000| Untracked 
| 106|0x00000006c7600000, 0x00000006c7600000, 0x00000006c7700000|  0%| F|  |TAMS 0x00000006c7600000, 0x00000006c7600000| Untracked 
| 107|0x00000006c7700000, 0x00000006c7700000, 0x00000006c7800000|  0%| F|  |TAMS 0x00000006c7700000, 0x00000006c7700000| Untracked 
| 108|0x00000006c7800000, 0x00000006c7800000, 0x00000006c7900000|  0%| F|  |TAMS 0x00000006c7800000, 0x00000006c7800000| Untracked 
| 109|0x00000006c7900000, 0x00000006c7900000, 0x00000006c7a00000|  0%| F|  |TAMS 0x00000006c7900000, 0x00000006c7900000| Untracked 
| 110|0x00000006c7a00000, 0x00000006c7a00000, 0x00000006c7b00000|  0%| F|  |TAMS 0x00000006c7a00000, 0x00000006c7a00000| Untracked 
| 111|0x00000006c7b00000, 0x00000006c7b00000, 0x00000006c7c00000|  0%| F|  |TAMS 0x00000006c7b00000, 0x00000006c7b00000| Untracked 
| 112|0x00000006c7c00000, 0x00000006c7c00000, 0x00000006c7d00000|  0%| F|  |TAMS 0x00000006c7c00000, 0x00000006c7c00000| Untracked 
| 113|0x00000006c7d00000, 0x00000006c7d00000, 0x00000006c7e00000|  0%| F|  |TAMS 0x00000006c7d00000, 0x00000006c7d00000| Untracked 
| 114|0x00000006c7e00000, 0x00000006c7e00000, 0x00000006c7f00000|  0%| F|  |TAMS 0x00000006c7e00000, 0x00000006c7e00000| Untracked 
| 115|0x00000006c7f00000, 0x00000006c7f00000, 0x00000006c8000000|  0%| F|  |TAMS 0x00000006c7f00000, 0x00000006c7f00000| Untracked 
| 116|0x00000006c8000000, 0x00000006c8000000, 0x00000006c8100000|  0%| F|  |TAMS 0x00000006c8000000, 0x00000006c8000000| Untracked 
| 117|0x00000006c8100000, 0x00000006c8100000, 0x00000006c8200000|  0%| F|  |TAMS 0x00000006c8100000, 0x00000006c8100000| Untracked 
| 118|0x00000006c8200000, 0x00000006c8200000, 0x00000006c8300000|  0%| F|  |TAMS 0x00000006c8200000, 0x00000006c8200000| Untracked 
| 119|0x00000006c8300000, 0x00000006c8300000, 0x00000006c8400000|  0%| F|  |TAMS 0x00000006c8300000, 0x00000006c8300000| Untracked 
| 120|0x00000006c8400000, 0x00000006c8400000, 0x00000006c8500000|  0%| F|  |TAMS 0x00000006c8400000, 0x00000006c8400000| Untracked 
| 121|0x00000006c8500000, 0x00000006c8500000, 0x00000006c8600000|  0%| F|  |TAMS 0x00000006c8500000, 0x00000006c8500000| Untracked 
| 122|0x00000006c8600000, 0x00000006c8600000, 0x00000006c8700000|  0%| F|  |TAMS 0x00000006c8600000, 0x00000006c8600000| Untracked 
| 123|0x00000006c8700000, 0x00000006c8700000, 0x00000006c8800000|  0%| F|  |TAMS 0x00000006c8700000, 0x00000006c8700000| Untracked 
| 124|0x00000006c8800000, 0x00000006c8800000, 0x00000006c8900000|  0%| F|  |TAMS 0x00000006c8800000, 0x00000006c8800000| Untracked 
| 125|0x00000006c8900000, 0x00000006c8900000, 0x00000006c8a00000|  0%| F|  |TAMS 0x00000006c8900000, 0x00000006c8900000| Untracked 
| 126|0x00000006c8a00000, 0x00000006c8a00000, 0x00000006c8b00000|  0%| F|  |TAMS 0x00000006c8a00000, 0x00000006c8a00000| Untracked 
| 127|0x00000006c8b00000, 0x00000006c8b33d70, 0x00000006c8c00000| 20%| S|CS|TAMS 0x00000006c8b00000, 0x00000006c8b00000| Complete 
| 128|0x00000006c8c00000, 0x00000006c8d00000, 0x00000006c8d00000|100%| S|CS|TAMS 0x00000006c8c00000, 0x00000006c8c00000| Complete 
| 129|0x00000006c8d00000, 0x00000006c8e00000, 0x00000006c8e00000|100%| S|CS|TAMS 0x00000006c8d00000, 0x00000006c8d00000| Complete 
| 130|0x00000006c8e00000, 0x00000006c8f00000, 0x00000006c8f00000|100%| S|CS|TAMS 0x00000006c8e00000, 0x00000006c8e00000| Complete 
| 131|0x00000006c8f00000, 0x00000006c9000000, 0x00000006c9000000|100%| S|CS|TAMS 0x00000006c8f00000, 0x00000006c8f00000| Complete 
| 132|0x00000006c9000000, 0x00000006c9100000, 0x00000006c9100000|100%| S|CS|TAMS 0x00000006c9000000, 0x00000006c9000000| Complete 
| 133|0x00000006c9100000, 0x00000006c9200000, 0x00000006c9200000|100%| S|CS|TAMS 0x00000006c9100000, 0x00000006c9100000| Complete 
| 134|0x00000006c9200000, 0x00000006c9300000, 0x00000006c9300000|100%| S|CS|TAMS 0x00000006c9200000, 0x00000006c9200000| Complete 
| 135|0x00000006c9300000, 0x00000006c9400000, 0x00000006c9400000|100%| S|CS|TAMS 0x00000006c9300000, 0x00000006c9300000| Complete 
| 136|0x00000006c9400000, 0x00000006c9500000, 0x00000006c9500000|100%| S|CS|TAMS 0x00000006c9400000, 0x00000006c9400000| Complete 
| 137|0x00000006c9500000, 0x00000006c9600000, 0x00000006c9600000|100%| S|CS|TAMS 0x00000006c9500000, 0x00000006c9500000| Complete 
| 138|0x00000006c9600000, 0x00000006c9600000, 0x00000006c9700000|  0%| F|  |TAMS 0x00000006c9600000, 0x00000006c9600000| Untracked 
| 139|0x00000006c9700000, 0x00000006c9700000, 0x00000006c9800000|  0%| F|  |TAMS 0x00000006c9700000, 0x00000006c9700000| Untracked 
| 140|0x00000006c9800000, 0x00000006c9800000, 0x00000006c9900000|  0%| F|  |TAMS 0x00000006c9800000, 0x00000006c9800000| Untracked 
| 141|0x00000006c9900000, 0x00000006c9900000, 0x00000006c9a00000|  0%| F|  |TAMS 0x00000006c9900000, 0x00000006c9900000| Untracked 
| 142|0x00000006c9a00000, 0x00000006c9a00000, 0x00000006c9b00000|  0%| F|  |TAMS 0x00000006c9a00000, 0x00000006c9a00000| Untracked 
| 143|0x00000006c9b00000, 0x00000006c9b00000, 0x00000006c9c00000|  0%| F|  |TAMS 0x00000006c9b00000, 0x00000006c9b00000| Untracked 
| 144|0x00000006c9c00000, 0x00000006c9c00000, 0x00000006c9d00000|  0%| F|  |TAMS 0x00000006c9c00000, 0x00000006c9c00000| Untracked 
| 145|0x00000006c9d00000, 0x00000006c9d00000, 0x00000006c9e00000|  0%| F|  |TAMS 0x00000006c9d00000, 0x00000006c9d00000| Untracked 
| 146|0x00000006c9e00000, 0x00000006c9e00000, 0x00000006c9f00000|  0%| F|  |TAMS 0x00000006c9e00000, 0x00000006c9e00000| Untracked 
| 147|0x00000006c9f00000, 0x00000006c9f00000, 0x00000006ca000000|  0%| F|  |TAMS 0x00000006c9f00000, 0x00000006c9f00000| Untracked 
| 148|0x00000006ca000000, 0x00000006ca000000, 0x00000006ca100000|  0%| F|  |TAMS 0x00000006ca000000, 0x00000006ca000000| Untracked 
| 149|0x00000006ca100000, 0x00000006ca100000, 0x00000006ca200000|  0%| F|  |TAMS 0x00000006ca100000, 0x00000006ca100000| Untracked 
| 150|0x00000006ca200000, 0x00000006ca200000, 0x00000006ca300000|  0%| F|  |TAMS 0x00000006ca200000, 0x00000006ca200000| Untracked 
| 151|0x00000006ca300000, 0x00000006ca300000, 0x00000006ca400000|  0%| F|  |TAMS 0x00000006ca300000, 0x00000006ca300000| Untracked 
| 152|0x00000006ca400000, 0x00000006ca400000, 0x00000006ca500000|  0%| F|  |TAMS 0x00000006ca400000, 0x00000006ca400000| Untracked 
| 153|0x00000006ca500000, 0x00000006ca500000, 0x00000006ca600000|  0%| F|  |TAMS 0x00000006ca500000, 0x00000006ca500000| Untracked 
| 154|0x00000006ca600000, 0x00000006ca600000, 0x00000006ca700000|  0%| F|  |TAMS 0x00000006ca600000, 0x00000006ca600000| Untracked 
| 155|0x00000006ca700000, 0x00000006ca700000, 0x00000006ca800000|  0%| F|  |TAMS 0x00000006ca700000, 0x00000006ca700000| Untracked 
| 156|0x00000006ca800000, 0x00000006ca800000, 0x00000006ca900000|  0%| F|  |TAMS 0x00000006ca800000, 0x00000006ca800000| Untracked 
| 157|0x00000006ca900000, 0x00000006ca900000, 0x00000006caa00000|  0%| F|  |TAMS 0x00000006ca900000, 0x00000006ca900000| Untracked 
| 158|0x00000006caa00000, 0x00000006caa00000, 0x00000006cab00000|  0%| F|  |TAMS 0x00000006caa00000, 0x00000006caa00000| Untracked 
| 159|0x00000006cab00000, 0x00000006cab00000, 0x00000006cac00000|  0%| F|  |TAMS 0x00000006cab00000, 0x00000006cab00000| Untracked 
| 160|0x00000006cac00000, 0x00000006cac00000, 0x00000006cad00000|  0%| F|  |TAMS 0x00000006cac00000, 0x00000006cac00000| Untracked 
| 161|0x00000006cad00000, 0x00000006cad00000, 0x00000006cae00000|  0%| F|  |TAMS 0x00000006cad00000, 0x00000006cad00000| Untracked 
| 162|0x00000006cae00000, 0x00000006cae00000, 0x00000006caf00000|  0%| F|  |TAMS 0x00000006cae00000, 0x00000006cae00000| Untracked 
| 163|0x00000006caf00000, 0x00000006caf00000, 0x00000006cb000000|  0%| F|  |TAMS 0x00000006caf00000, 0x00000006caf00000| Untracked 
| 164|0x00000006cb000000, 0x00000006cb000000, 0x00000006cb100000|  0%| F|  |TAMS 0x00000006cb000000, 0x00000006cb000000| Untracked 
| 165|0x00000006cb100000, 0x00000006cb100000, 0x00000006cb200000|  0%| F|  |TAMS 0x00000006cb100000, 0x00000006cb100000| Untracked 
| 166|0x00000006cb200000, 0x00000006cb200000, 0x00000006cb300000|  0%| F|  |TAMS 0x00000006cb200000, 0x00000006cb200000| Untracked 
| 167|0x00000006cb300000, 0x00000006cb300000, 0x00000006cb400000|  0%| F|  |TAMS 0x00000006cb300000, 0x00000006cb300000| Untracked 
| 168|0x00000006cb400000, 0x00000006cb400000, 0x00000006cb500000|  0%| F|  |TAMS 0x00000006cb400000, 0x00000006cb400000| Untracked 
| 169|0x00000006cb500000, 0x00000006cb500000, 0x00000006cb600000|  0%| F|  |TAMS 0x00000006cb500000, 0x00000006cb500000| Untracked 
| 170|0x00000006cb600000, 0x00000006cb600000, 0x00000006cb700000|  0%| F|  |TAMS 0x00000006cb600000, 0x00000006cb600000| Untracked 
| 171|0x00000006cb700000, 0x00000006cb700000, 0x00000006cb800000|  0%| F|  |TAMS 0x00000006cb700000, 0x00000006cb700000| Untracked 
| 172|0x00000006cb800000, 0x00000006cb800000, 0x00000006cb900000|  0%| F|  |TAMS 0x00000006cb800000, 0x00000006cb800000| Untracked 
| 173|0x00000006cb900000, 0x00000006cb900000, 0x00000006cba00000|  0%| F|  |TAMS 0x00000006cb900000, 0x00000006cb900000| Untracked 
| 174|0x00000006cba00000, 0x00000006cba00000, 0x00000006cbb00000|  0%| F|  |TAMS 0x00000006cba00000, 0x00000006cba00000| Untracked 
| 175|0x00000006cbb00000, 0x00000006cbb00000, 0x00000006cbc00000|  0%| F|  |TAMS 0x00000006cbb00000, 0x00000006cbb00000| Untracked 
| 176|0x00000006cbc00000, 0x00000006cbc00000, 0x00000006cbd00000|  0%| F|  |TAMS 0x00000006cbc00000, 0x00000006cbc00000| Untracked 
| 177|0x00000006cbd00000, 0x00000006cbd00000, 0x00000006cbe00000|  0%| F|  |TAMS 0x00000006cbd00000, 0x00000006cbd00000| Untracked 
| 178|0x00000006cbe00000, 0x00000006cbe00000, 0x00000006cbf00000|  0%| F|  |TAMS 0x00000006cbe00000, 0x00000006cbe00000| Untracked 
| 179|0x00000006cbf00000, 0x00000006cbf00000, 0x00000006cc000000|  0%| F|  |TAMS 0x00000006cbf00000, 0x00000006cbf00000| Untracked 
| 180|0x00000006cc000000, 0x00000006cc000000, 0x00000006cc100000|  0%| F|  |TAMS 0x00000006cc000000, 0x00000006cc000000| Untracked 
| 181|0x00000006cc100000, 0x00000006cc100000, 0x00000006cc200000|  0%| F|  |TAMS 0x00000006cc100000, 0x00000006cc100000| Untracked 
| 182|0x00000006cc200000, 0x00000006cc200000, 0x00000006cc300000|  0%| F|  |TAMS 0x00000006cc200000, 0x00000006cc200000| Untracked 
| 183|0x00000006cc300000, 0x00000006cc300000, 0x00000006cc400000|  0%| F|  |TAMS 0x00000006cc300000, 0x00000006cc300000| Untracked 
| 184|0x00000006cc400000, 0x00000006cc400000, 0x00000006cc500000|  0%| F|  |TAMS 0x00000006cc400000, 0x00000006cc400000| Untracked 
| 185|0x00000006cc500000, 0x00000006cc500000, 0x00000006cc600000|  0%| F|  |TAMS 0x00000006cc500000, 0x00000006cc500000| Untracked 
| 186|0x00000006cc600000, 0x00000006cc600000, 0x00000006cc700000|  0%| F|  |TAMS 0x00000006cc600000, 0x00000006cc600000| Untracked 
| 187|0x00000006cc700000, 0x00000006cc700000, 0x00000006cc800000|  0%| F|  |TAMS 0x00000006cc700000, 0x00000006cc700000| Untracked 
| 188|0x00000006cc800000, 0x00000006cc800000, 0x00000006cc900000|  0%| F|  |TAMS 0x00000006cc800000, 0x00000006cc800000| Untracked 
| 189|0x00000006cc900000, 0x00000006cc900000, 0x00000006cca00000|  0%| F|  |TAMS 0x00000006cc900000, 0x00000006cc900000| Untracked 
| 190|0x00000006cca00000, 0x00000006cca00000, 0x00000006ccb00000|  0%| F|  |TAMS 0x00000006cca00000, 0x00000006cca00000| Untracked 
| 191|0x00000006ccb00000, 0x00000006ccb00000, 0x00000006ccc00000|  0%| F|  |TAMS 0x00000006ccb00000, 0x00000006ccb00000| Untracked 
| 192|0x00000006ccc00000, 0x00000006ccc00000, 0x00000006ccd00000|  0%| F|  |TAMS 0x00000006ccc00000, 0x00000006ccc00000| Untracked 
| 193|0x00000006ccd00000, 0x00000006ccd00000, 0x00000006cce00000|  0%| F|  |TAMS 0x00000006ccd00000, 0x00000006ccd00000| Untracked 
| 194|0x00000006cce00000, 0x00000006cce00000, 0x00000006ccf00000|  0%| F|  |TAMS 0x00000006cce00000, 0x00000006cce00000| Untracked 
| 195|0x00000006ccf00000, 0x00000006ccf00000, 0x00000006cd000000|  0%| F|  |TAMS 0x00000006ccf00000, 0x00000006ccf00000| Untracked 
| 196|0x00000006cd000000, 0x00000006cd000000, 0x00000006cd100000|  0%| F|  |TAMS 0x00000006cd000000, 0x00000006cd000000| Untracked 
| 197|0x00000006cd100000, 0x00000006cd100000, 0x00000006cd200000|  0%| F|  |TAMS 0x00000006cd100000, 0x00000006cd100000| Untracked 
| 198|0x00000006cd200000, 0x00000006cd200000, 0x00000006cd300000|  0%| F|  |TAMS 0x00000006cd200000, 0x00000006cd200000| Untracked 
| 199|0x00000006cd300000, 0x00000006cd300000, 0x00000006cd400000|  0%| F|  |TAMS 0x00000006cd300000, 0x00000006cd300000| Untracked 
| 200|0x00000006cd400000, 0x00000006cd400000, 0x00000006cd500000|  0%| F|  |TAMS 0x00000006cd400000, 0x00000006cd400000| Untracked 
| 201|0x00000006cd500000, 0x00000006cd500000, 0x00000006cd600000|  0%| F|  |TAMS 0x00000006cd500000, 0x00000006cd500000| Untracked 
| 202|0x00000006cd600000, 0x00000006cd600000, 0x00000006cd700000|  0%| F|  |TAMS 0x00000006cd600000, 0x00000006cd600000| Untracked 
| 203|0x00000006cd700000, 0x00000006cd700000, 0x00000006cd800000|  0%| F|  |TAMS 0x00000006cd700000, 0x00000006cd700000| Untracked 
| 204|0x00000006cd800000, 0x00000006cd800000, 0x00000006cd900000|  0%| F|  |TAMS 0x00000006cd800000, 0x00000006cd800000| Untracked 
| 205|0x00000006cd900000, 0x00000006cd900000, 0x00000006cda00000|  0%| F|  |TAMS 0x00000006cd900000, 0x00000006cd900000| Untracked 
| 206|0x00000006cda00000, 0x00000006cda00000, 0x00000006cdb00000|  0%| F|  |TAMS 0x00000006cda00000, 0x00000006cda00000| Untracked 
| 207|0x00000006cdb00000, 0x00000006cdb00000, 0x00000006cdc00000|  0%| F|  |TAMS 0x00000006cdb00000, 0x00000006cdb00000| Untracked 
| 208|0x00000006cdc00000, 0x00000006cdc00000, 0x00000006cdd00000|  0%| F|  |TAMS 0x00000006cdc00000, 0x00000006cdc00000| Untracked 
| 209|0x00000006cdd00000, 0x00000006cdd00000, 0x00000006cde00000|  0%| F|  |TAMS 0x00000006cdd00000, 0x00000006cdd00000| Untracked 
| 210|0x00000006cde00000, 0x00000006cde00000, 0x00000006cdf00000|  0%| F|  |TAMS 0x00000006cde00000, 0x00000006cde00000| Untracked 
| 211|0x00000006cdf00000, 0x00000006cdff67d8, 0x00000006ce000000| 96%| E|  |TAMS 0x00000006cdf00000, 0x00000006cdf00000| Complete 
| 212|0x00000006ce000000, 0x00000006ce100000, 0x00000006ce100000|100%| E|CS|TAMS 0x00000006ce000000, 0x00000006ce000000| Complete 
| 213|0x00000006ce100000, 0x00000006ce200000, 0x00000006ce200000|100%| E|CS|TAMS 0x00000006ce100000, 0x00000006ce100000| Complete 
| 214|0x00000006ce200000, 0x00000006ce300000, 0x00000006ce300000|100%| E|CS|TAMS 0x00000006ce200000, 0x00000006ce200000| Complete 
| 215|0x00000006ce300000, 0x00000006ce400000, 0x00000006ce400000|100%| E|CS|TAMS 0x00000006ce300000, 0x00000006ce300000| Complete 
| 216|0x00000006ce400000, 0x00000006ce500000, 0x00000006ce500000|100%| E|  |TAMS 0x00000006ce400000, 0x00000006ce400000| Complete 
| 217|0x00000006ce500000, 0x00000006ce600000, 0x00000006ce600000|100%| E|CS|TAMS 0x00000006ce500000, 0x00000006ce500000| Complete 
| 218|0x00000006ce600000, 0x00000006ce700000, 0x00000006ce700000|100%| E|CS|TAMS 0x00000006ce600000, 0x00000006ce600000| Complete 
| 219|0x00000006ce700000, 0x00000006ce800000, 0x00000006ce800000|100%| E|CS|TAMS 0x00000006ce700000, 0x00000006ce700000| Complete 
| 220|0x00000006ce800000, 0x00000006ce900000, 0x00000006ce900000|100%| E|CS|TAMS 0x00000006ce800000, 0x00000006ce800000| Complete 
| 221|0x00000006ce900000, 0x00000006cea00000, 0x00000006cea00000|100%| E|CS|TAMS 0x00000006ce900000, 0x00000006ce900000| Complete 
| 222|0x00000006cea00000, 0x00000006ceb00000, 0x00000006ceb00000|100%| E|CS|TAMS 0x00000006cea00000, 0x00000006cea00000| Complete 
| 223|0x00000006ceb00000, 0x00000006cec00000, 0x00000006cec00000|100%| E|CS|TAMS 0x00000006ceb00000, 0x00000006ceb00000| Complete 
| 224|0x00000006cec00000, 0x00000006ced00000, 0x00000006ced00000|100%| E|CS|TAMS 0x00000006cec00000, 0x00000006cec00000| Complete 
| 225|0x00000006ced00000, 0x00000006cee00000, 0x00000006cee00000|100%| E|CS|TAMS 0x00000006ced00000, 0x00000006ced00000| Complete 
| 226|0x00000006cee00000, 0x00000006cef00000, 0x00000006cef00000|100%| E|CS|TAMS 0x00000006cee00000, 0x00000006cee00000| Complete 
| 227|0x00000006cef00000, 0x00000006cf000000, 0x00000006cf000000|100%| E|CS|TAMS 0x00000006cef00000, 0x00000006cef00000| Complete 
| 228|0x00000006cf000000, 0x00000006cf100000, 0x00000006cf100000|100%| E|CS|TAMS 0x00000006cf000000, 0x00000006cf000000| Complete 
| 229|0x00000006cf100000, 0x00000006cf200000, 0x00000006cf200000|100%| E|CS|TAMS 0x00000006cf100000, 0x00000006cf100000| Complete 
| 230|0x00000006cf200000, 0x00000006cf300000, 0x00000006cf300000|100%| E|CS|TAMS 0x00000006cf200000, 0x00000006cf200000| Complete 
| 231|0x00000006cf300000, 0x00000006cf400000, 0x00000006cf400000|100%| E|CS|TAMS 0x00000006cf300000, 0x00000006cf300000| Complete 
| 232|0x00000006cf400000, 0x00000006cf500000, 0x00000006cf500000|100%| E|CS|TAMS 0x00000006cf400000, 0x00000006cf400000| Complete 
| 233|0x00000006cf500000, 0x00000006cf600000, 0x00000006cf600000|100%| E|CS|TAMS 0x00000006cf500000, 0x00000006cf500000| Complete 
| 234|0x00000006cf600000, 0x00000006cf700000, 0x00000006cf700000|100%| E|CS|TAMS 0x00000006cf600000, 0x00000006cf600000| Complete 
| 235|0x00000006cf700000, 0x00000006cf800000, 0x00000006cf800000|100%| E|CS|TAMS 0x00000006cf700000, 0x00000006cf700000| Complete 
| 236|0x00000006cf800000, 0x00000006cf900000, 0x00000006cf900000|100%| E|CS|TAMS 0x00000006cf800000, 0x00000006cf800000| Complete 
| 237|0x00000006cf900000, 0x00000006cfa00000, 0x00000006cfa00000|100%| E|CS|TAMS 0x00000006cf900000, 0x00000006cf900000| Complete 
| 238|0x00000006cfa00000, 0x00000006cfb00000, 0x00000006cfb00000|100%| E|CS|TAMS 0x00000006cfa00000, 0x00000006cfa00000| Complete 
| 239|0x00000006cfb00000, 0x00000006cfc00000, 0x00000006cfc00000|100%| E|CS|TAMS 0x00000006cfb00000, 0x00000006cfb00000| Complete 
| 240|0x00000006cfc00000, 0x00000006cfd00000, 0x00000006cfd00000|100%| E|CS|TAMS 0x00000006cfc00000, 0x00000006cfc00000| Complete 
| 241|0x00000006cfd00000, 0x00000006cfe00000, 0x00000006cfe00000|100%| E|CS|TAMS 0x00000006cfd00000, 0x00000006cfd00000| Complete 
| 242|0x00000006cfe00000, 0x00000006cff00000, 0x00000006cff00000|100%| E|CS|TAMS 0x00000006cfe00000, 0x00000006cfe00000| Complete 
| 243|0x00000006cff00000, 0x00000006d0000000, 0x00000006d0000000|100%| E|CS|TAMS 0x00000006cff00000, 0x00000006cff00000| Complete 
| 244|0x00000006d0000000, 0x00000006d0100000, 0x00000006d0100000|100%| E|CS|TAMS 0x00000006d0000000, 0x00000006d0000000| Complete 
| 245|0x00000006d0100000, 0x00000006d0200000, 0x00000006d0200000|100%| E|CS|TAMS 0x00000006d0100000, 0x00000006d0100000| Complete 
| 246|0x00000006d0200000, 0x00000006d0300000, 0x00000006d0300000|100%| E|CS|TAMS 0x00000006d0200000, 0x00000006d0200000| Complete 
| 247|0x00000006d0300000, 0x00000006d0400000, 0x00000006d0400000|100%| E|CS|TAMS 0x00000006d0300000, 0x00000006d0300000| Complete 
| 248|0x00000006d0400000, 0x00000006d0500000, 0x00000006d0500000|100%| E|CS|TAMS 0x00000006d0400000, 0x00000006d0400000| Complete 
| 249|0x00000006d0500000, 0x00000006d0600000, 0x00000006d0600000|100%| E|CS|TAMS 0x00000006d0500000, 0x00000006d0500000| Complete 
| 250|0x00000006d0600000, 0x00000006d0700000, 0x00000006d0700000|100%| E|CS|TAMS 0x00000006d0600000, 0x00000006d0600000| Complete 
| 251|0x00000006d0700000, 0x00000006d0800000, 0x00000006d0800000|100%| E|CS|TAMS 0x00000006d0700000, 0x00000006d0700000| Complete 
| 252|0x00000006d0800000, 0x00000006d0900000, 0x00000006d0900000|100%| E|CS|TAMS 0x00000006d0800000, 0x00000006d0800000| Complete 
| 253|0x00000006d0900000, 0x00000006d0a00000, 0x00000006d0a00000|100%| E|CS|TAMS 0x00000006d0900000, 0x00000006d0900000| Complete 
| 254|0x00000006d0a00000, 0x00000006d0b00000, 0x00000006d0b00000|100%| E|CS|TAMS 0x00000006d0a00000, 0x00000006d0a00000| Complete 
| 255|0x00000006d0b00000, 0x00000006d0c00000, 0x00000006d0c00000|100%| E|CS|TAMS 0x00000006d0b00000, 0x00000006d0b00000| Complete 

Card table byte_map: [0x0000026f70d00000,0x0000026f71500000] _byte_map_base: 0x0000026f6d6fa000

Marking Bits (Prev, Next): (CMBitMap*) 0x0000026f56d94078, (CMBitMap*) 0x0000026f56d940b0
 Prev Bits: [0x0000026f71d00000, 0x0000026f75cd0000)
 Next Bits: [0x0000026f75cd0000, 0x0000026f79ca0000)

Polling page: 0x0000026f56df0000

Metaspace:

Usage:
  Non-class:     50.17 MB capacity,    49.31 MB ( 98%) used,   687.79 KB (  1%) free+waste,   183.81 KB ( <1%) overhead. 
      Class:      7.96 MB capacity,     7.36 MB ( 93%) used,   518.44 KB (  6%) free+waste,    87.25 KB (  1%) overhead. 
       Both:     58.12 MB capacity,    56.68 MB ( 98%) used,     1.18 MB (  2%) free+waste,   271.06 KB ( <1%) overhead. 

Virtual space:
  Non-class space:       52.00 MB reserved,      50.25 MB ( 97%) committed 
      Class space:        1.00 GB reserved,       8.00 MB ( <1%) committed 
             Both:        1.05 GB reserved,      58.25 MB (  5%) committed 

Chunk freelists:
   Non-Class:  2.75 KB
       Class:  1.63 KB
        Both:  4.38 KB

CodeHeap 'non-profiled nmethods': size=120000Kb used=2204Kb max_used=2204Kb free=117796Kb
 bounds [0x0000026f68340000, 0x0000026f685b0000, 0x0000026f6f870000]
CodeHeap 'profiled nmethods': size=120000Kb used=7044Kb max_used=7044Kb free=112955Kb
 bounds [0x0000026f60e10000, 0x0000026f61500000, 0x0000026f68340000]
CodeHeap 'non-nmethods': size=5760Kb used=1509Kb max_used=1563Kb free=4250Kb
 bounds [0x0000026f60870000, 0x0000026f60ae0000, 0x0000026f60e10000]
 total_blobs=5422 nmethods=3310 adapters=822
 compilation: enabled
              stopped_count=0, restarted_count=0
 full_count=0

Compilation events (10 events):
Event: 73.838 Thread 0x0000026f7d39c000 3550       3       com.sun.marlin.FloatMath::max (11 bytes)
Event: 73.838 Thread 0x0000026f7d39c000 nmethod 3550 0x0000026f614f2990 code [0x0000026f614f2b40, 0x0000026f614f2cd8]
Event: 73.838 Thread 0x0000026f7d39c000 3551       3       com.sun.marlin.FloatMath::min (11 bytes)
Event: 73.838 Thread 0x0000026f7d39c000 nmethod 3551 0x0000026f614f2d90 code [0x0000026f614f2f40, 0x0000026f614f30d8]
Event: 73.842 Thread 0x0000026f7d39c000 3552       3       com.sun.marlin.DRenderer::copyAARow (100 bytes)
Event: 73.842 Thread 0x0000026f7d39c000 nmethod 3552 0x0000026f614f3190 code [0x0000026f614f3380, 0x0000026f614f37c0]
Event: 73.842 Thread 0x0000026f7d39c000 3553       3       com.sun.prism.sw.SWContext$DirectRTMarlinAlphaConsumer::setAndClearRelativeAlphas (91 bytes)
Event: 73.843 Thread 0x0000026f7d39c000 nmethod 3553 0x0000026f614f3a10 code [0x0000026f614f3be0, 0x0000026f614f3ed0]
Event: 73.850 Thread 0x0000026f7d39c000 3555       3       com.sun.pisces.PiscesRenderer::emitAndClearAlphaRow (44 bytes)
Event: 73.851 Thread 0x0000026f7d39c000 nmethod 3555 0x0000026f614f4090 code [0x0000026f614f4280, 0x0000026f614f45c0]

GC Heap History (8 events):
Event: 0.629 GC heap before
{Heap before GC invocations=0 (full 0):
 garbage-first heap   total 262144K, used 24576K [0x00000006c0c00000, 0x00000007c0000000)
  region size 1024K, 24 young (24576K), 0 survivors (0K)
 Metaspace       used 9401K, capacity 9629K, committed 9728K, reserved 1058816K
  class space    used 888K, capacity 973K, committed 1024K, reserved 1048576K
}
Event: 0.632 GC heap after
{Heap after GC invocations=1 (full 0):
 garbage-first heap   total 262144K, used 5266K [0x00000006c0c00000, 0x00000007c0000000)
  region size 1024K, 3 young (3072K), 3 survivors (3072K)
 Metaspace       used 9401K, capacity 9629K, committed 9728K, reserved 1058816K
  class space    used 888K, capacity 973K, committed 1024K, reserved 1048576K
}
Event: 8.047 GC heap before
{Heap before GC invocations=1 (full 0):
 garbage-first heap   total 262144K, used 109714K [0x00000006c0c00000, 0x00000007c0000000)
  region size 1024K, 103 young (105472K), 3 survivors (3072K)
 Metaspace       used 20303K, capacity 21136K, committed 21248K, reserved 1067008K
  class space    used 2343K, capacity 2708K, committed 2816K, reserved 1048576K
}
Event: 8.053 GC heap after
{Heap after GC invocations=2 (full 0):
 garbage-first heap   total 262144K, used 12172K [0x00000006c0c00000, 0x00000007c0000000)
  region size 1024K, 6 young (6144K), 6 survivors (6144K)
 Metaspace       used 20303K, capacity 21136K, committed 21248K, reserved 1067008K
  class space    used 2343K, capacity 2708K, committed 2816K, reserved 1048576K
}
Event: 22.103 GC heap before
{Heap before GC invocations=3 (full 0):
 garbage-first heap   total 262144K, used 91020K [0x00000006c0c00000, 0x00000007c0000000)
  region size 1024K, 84 young (86016K), 6 survivors (6144K)
 Metaspace       used 34829K, capacity 35726K, committed 35840K, reserved 1081344K
  class space    used 4277K, capacity 4646K, committed 4736K, reserved 1048576K
}
Event: 22.110 GC heap after
{Heap after GC invocations=4 (full 0):
 garbage-first heap   total 262144K, used 15361K [0x00000006c0c00000, 0x00000007c0000000)
  region size 1024K, 9 young (9216K), 9 survivors (9216K)
 Metaspace       used 34829K, capacity 35726K, committed 35840K, reserved 1081344K
  class space    used 4277K, capacity 4646K, committed 4736K, reserved 1048576K
}
Event: 72.753 GC heap before
{Heap before GC invocations=5 (full 0):
 garbage-first heap   total 262144K, used 125953K [0x00000006c0c00000, 0x00000007c0000000)
  region size 1024K, 118 young (120832K), 9 survivors (9216K)
 Metaspace       used 49704K, capacity 50751K, committed 50944K, reserved 1093632K
  class space    used 6160K, capacity 6556K, committed 6656K, reserved 1048576K
}
Event: 72.762 GC heap after
{Heap after GC invocations=6 (full 0):
 garbage-first heap   total 262144K, used 19667K [0x00000006c0c00000, 0x00000007c0000000)
  region size 1024K, 11 young (11264K), 11 survivors (11264K)
 Metaspace       used 49704K, capacity 50751K, committed 50944K, reserved 1093632K
  class space    used 6160K, capacity 6556K, committed 6656K, reserved 1048576K
}

Deoptimization events (10 events):
Event: 73.574 Thread 0x0000026f00ceb000 Uncommon trap: reason=array_check action=maybe_recompile pc=0x0000026f6852be7c method=javafx.css.SimpleSelector.applies(Ljavafx/css/Styleable;[Ljava/util/Set;I)Z @ 37 c2
Event: 73.627 Thread 0x0000026f00ceb000 Uncommon trap: reason=unstable_if action=reinterpret pc=0x0000026f68526cc4 method=java.io.ByteArrayInputStream.read([BII)I @ 35 c2
Event: 73.652 Thread 0x0000026f00ceb000 Uncommon trap: reason=unstable_if action=reinterpret pc=0x0000026f683b90c4 method=java.lang.String.indexOf(II)I @ 4 c2
Event: 73.660 Thread 0x0000026f00ceb000 Uncommon trap: reason=unstable_if action=reinterpret pc=0x0000026f683cd448 method=java.lang.CharacterDataLatin1.isWhitespace(I)Z @ 14 c2
Event: 73.684 Thread 0x0000026f00ceb000 Uncommon trap: reason=unstable_if action=reinterpret pc=0x0000026f683a957c method=java.lang.String.startsWith(Ljava/lang/String;I)Z @ 46 c2
Event: 73.685 Thread 0x0000026f00ceb000 Uncommon trap: reason=unstable_if action=reinterpret pc=0x0000026f683b7070 method=java.lang.AbstractStringBuilder.putStringAt(ILjava/lang/String;)V @ 8 c2
Event: 73.685 Thread 0x0000026f00ceb000 Uncommon trap: reason=unstable_if action=reinterpret pc=0x0000026f6839b864 method=java.lang.String.indexOf(II)I @ 4 c2
Event: 73.686 Thread 0x0000026f00ceb000 Uncommon trap: reason=unstable_if action=reinterpret pc=0x0000026f683a710c method=java.lang.String.startsWith(Ljava/lang/String;I)Z @ 46 c2
Event: 73.741 Thread 0x0000026f00ceb000 Uncommon trap: reason=unstable_if action=reinterpret pc=0x0000026f68460a44 method=jdk.internal.org.objectweb.asm.Type.getArgumentsAndReturnSizes(Ljava/lang/String;)I @ 47 c2
Event: 73.741 Thread 0x0000026f00ceb000 Uncommon trap: reason=unstable_if action=reinterpret pc=0x0000026f6845117c method=jdk.internal.org.objectweb.asm.Frame.push(Ljdk/internal/org/objectweb/asm/ClassWriter;Ljava/lang/String;)V @ 18 c2

Classes redefined (0 events):
No events

Internal exceptions (10 events):
Event: 73.497 Thread 0x0000026f00ceb000 Exception <a 'java/lang/ClassNotFoundException'{0x00000006cee38f88}: com/sun/javafx/scene/control/skin/resources/controls_en> (0x00000006cee38f88) thrown at [t:/workspace/open/src/hotspot/share/prims/jni.cpp, line 636]
Event: 73.497 Thread 0x0000026f00ceb000 Exception <a 'java/lang/ClassNotFoundException'{0x00000006cee3ed58}: com/sun/javafx/scene/control/skin/resources/controls_en_US> (0x00000006cee3ed58) thrown at [t:/workspace/open/src/hotspot/share/prims/jni.cpp, line 636]
Event: 73.741 Thread 0x0000026f00ceb000 Exception <a 'java/lang/NoSuchMethodError'{0x00000006ce222518}: java.lang.invoke.DirectMethodHandle$Holder.invokeStaticInit(Ljava/lang/Object;Ljava/lang/Object;Ljava/lang/Object;)J> (0x00000006ce222518) thrown at [t:/workspace/open/src/hotspot/share/inter
Event: 73.743 Thread 0x0000026f00ceb000 Exception <a 'java/lang/NoSuchMethodError'{0x00000006ce23aa18}: java.lang.invoke.DirectMethodHandle$Holder.invokeStatic(Ljava/lang/Object;Ljava/lang/Object;J)Ljava/lang/Object;> (0x00000006ce23aa18) thrown at [t:/workspace/open/src/hotspot/share/interpret
Event: 73.743 Thread 0x0000026f00ceb000 Exception <a 'java/lang/NoSuchMethodError'{0x00000006ce240b90}: java.lang.invoke.Invokers$Holder.linkToTargetMethod(Ljava/lang/Object;JLjava/lang/Object;)Ljava/lang/Object;> (0x00000006ce240b90) thrown at [t:/workspace/open/src/hotspot/share/interpreter/l
Event: 73.793 Thread 0x0000026f00ceb000 Exception <a 'sun/nio/fs/WindowsException'{0x00000006ce11dea0}> (0x00000006ce11dea0) thrown at [t:/workspace/open/src/hotspot/share/prims/jni.cpp, line 615]
Event: 73.793 Thread 0x0000026f00ceb000 Exception <a 'sun/nio/fs/WindowsException'{0x00000006ce11e740}> (0x00000006ce11e740) thrown at [t:/workspace/open/src/hotspot/share/prims/jni.cpp, line 615]
Event: 73.793 Thread 0x0000026f00ceb000 Exception <a 'sun/nio/fs/WindowsException'{0x00000006ce11f648}> (0x00000006ce11f648) thrown at [t:/workspace/open/src/hotspot/share/prims/jni.cpp, line 615]
Event: 73.793 Thread 0x0000026f00ceb000 Exception <a 'sun/nio/fs/WindowsException'{0x00000006ce120090}> (0x00000006ce120090) thrown at [t:/workspace/open/src/hotspot/share/prims/jni.cpp, line 615]
Event: 73.793 Thread 0x0000026f00ceb000 Exception <a 'sun/nio/fs/WindowsException'{0x00000006ce120dd8}> (0x00000006ce120dd8) thrown at [t:/workspace/open/src/hotspot/share/prims/jni.cpp, line 615]

Events (10 events):
Event: 73.807 loading class jdk/internal/misc/InnocuousThread$1 done
Event: 73.807 Thread 0x0000026f7e8ce000 Thread added: 0x0000026f7e8ce000
Event: 73.808 Executing VM operation: RevokeBias
Event: 73.808 Executing VM operation: RevokeBias done
Event: 73.811 Executing VM operation: RevokeBias
Event: 73.811 Executing VM operation: RevokeBias done
Event: 73.821 loading class com/sun/marlin/OffHeapArray
Event: 73.821 loading class com/sun/marlin/OffHeapArray done
Event: 73.889 Executing VM operation: RevokeBias
Event: 73.889 Executing VM operation: RevokeBias done


Dynamic libraries:
0x00007ff678ac0000 - 0x00007ff678b07000 	C:\Program Files\Java\jdk-11.0.1\bin\java.exe
0x00007ffa4a360000 - 0x00007ffa4a550000 	C:\WINDOWS\SYSTEM32\ntdll.dll
0x00007ffa323b0000 - 0x00007ffa323c4000 	C:\Program Files\AVAST Software\Avast\aswhook.dll
0x00007ffa48d70000 - 0x00007ffa48e22000 	C:\WINDOWS\System32\KERNEL32.DLL
0x00007ffa47eb0000 - 0x00007ffa48153000 	C:\WINDOWS\System32\KERNELBASE.dll
0x00007ffa49ad0000 - 0x00007ffa49b73000 	C:\WINDOWS\System32\ADVAPI32.dll
0x00007ffa484c0000 - 0x00007ffa4855e000 	C:\WINDOWS\System32\msvcrt.dll
0x00007ffa48cd0000 - 0x00007ffa48d67000 	C:\WINDOWS\System32\sechost.dll
0x00007ffa49650000 - 0x00007ffa49770000 	C:\WINDOWS\System32\RPCRT4.dll
0x00007ffa49cc0000 - 0x00007ffa49e54000 	C:\WINDOWS\System32\USER32.dll
0x00007ffa48330000 - 0x00007ffa48351000 	C:\WINDOWS\System32\win32u.dll
0x00007ffa4a100000 - 0x00007ffa4a126000 	C:\WINDOWS\System32\GDI32.dll
0x00007ffa48190000 - 0x00007ffa48324000 	C:\WINDOWS\System32\gdi32full.dll
0x00007ffa472c0000 - 0x00007ffa4735e000 	C:\WINDOWS\System32\msvcp_win.dll
0x00007ffa47360000 - 0x00007ffa4745a000 	C:\WINDOWS\System32\ucrtbase.dll
0x00007ffa355a0000 - 0x00007ffa35825000 	C:\WINDOWS\WinSxS\amd64_microsoft.windows.common-controls_6595b64144ccf1df_6.0.18362.535_none_e6c3b34713100821\COMCTL32.dll
0x00007ffa49770000 - 0x00007ffa49aa6000 	C:\WINDOWS\System32\combase.dll
0x00007ffa48360000 - 0x00007ffa483e0000 	C:\WINDOWS\System32\bcryptPrimitives.dll
0x00007ffa40720000 - 0x00007ffa4072a000 	C:\WINDOWS\SYSTEM32\VERSION.dll
0x00007ffa49300000 - 0x00007ffa4932e000 	C:\WINDOWS\System32\IMM32.DLL
0x00007ffa27820000 - 0x00007ffa27836000 	C:\Program Files\Java\jdk-11.0.1\bin\vcruntime140.dll
0x00007ff9efe40000 - 0x00007ff9efeea000 	C:\Program Files\Java\jdk-11.0.1\bin\msvcp140.dll
0x00007ff9ef2f0000 - 0x00007ff9efe32000 	C:\Program Files\Java\jdk-11.0.1\bin\server\jvm.dll
0x00007ffa4a1a0000 - 0x00007ffa4a1a8000 	C:\WINDOWS\System32\PSAPI.DLL
0x00007ffa2d1d0000 - 0x00007ffa2d1d9000 	C:\WINDOWS\SYSTEM32\WSOCK32.dll
0x00007ffa4a280000 - 0x00007ffa4a2ef000 	C:\WINDOWS\System32\WS2_32.dll
0x00007ffa45230000 - 0x00007ffa45254000 	C:\WINDOWS\SYSTEM32\WINMM.dll
0x00007ffa45200000 - 0x00007ffa4522d000 	C:\WINDOWS\SYSTEM32\WINMMBASE.dll
0x00007ffa47be0000 - 0x00007ffa47c2a000 	C:\WINDOWS\System32\cfgmgr32.dll
0x00007ffa47280000 - 0x00007ffa47291000 	C:\WINDOWS\System32\kernel.appcore.dll
0x00007ff9ffd80000 - 0x00007ff9ffd91000 	C:\Program Files\Java\jdk-11.0.1\bin\verify.dll
0x00007ffa3e930000 - 0x00007ffa3eb24000 	C:\WINDOWS\SYSTEM32\DBGHELP.DLL
0x00007ffa3e820000 - 0x00007ffa3e84a000 	C:\WINDOWS\SYSTEM32\dbgcore.DLL
0x00007ff9f82c0000 - 0x00007ff9f82e9000 	C:\Program Files\Java\jdk-11.0.1\bin\java.dll
0x00007ffa38170000 - 0x00007ffa381a7000 	C:\Program Files\Java\jdk-11.0.1\bin\jdwp.dll
0x00007ffa376c0000 - 0x00007ffa376ef000 	C:\Program Files\Java\jdk-11.0.1\bin\instrument.dll
0x00007ff9fb760000 - 0x00007ff9fb776000 	C:\Program Files\Java\jdk-11.0.1\bin\zip.dll
0x00007ffa37c50000 - 0x00007ffa37c5a000 	C:\Program Files\Java\jdk-11.0.1\bin\jimage.dll
0x00007ffa485e0000 - 0x00007ffa48cc5000 	C:\WINDOWS\System32\SHELL32.dll
0x00007ffa49330000 - 0x00007ffa493d9000 	C:\WINDOWS\System32\shcore.dll
0x00007ffa47460000 - 0x00007ffa47bdf000 	C:\WINDOWS\System32\windows.storage.dll
0x00007ffa47260000 - 0x00007ffa4727f000 	C:\WINDOWS\System32\profapi.dll
0x00007ffa47210000 - 0x00007ffa4725a000 	C:\WINDOWS\System32\powrprof.dll
0x00007ffa47200000 - 0x00007ffa47210000 	C:\WINDOWS\System32\UMPDC.dll
0x00007ffa492a0000 - 0x00007ffa492f2000 	C:\WINDOWS\System32\shlwapi.dll
0x00007ffa47de0000 - 0x00007ffa47df7000 	C:\WINDOWS\System32\cryptsp.dll
0x00007ff9ef2d0000 - 0x00007ff9ef2e9000 	C:\Program Files\Java\jdk-11.0.1\bin\net.dll
0x00007ffa40160000 - 0x00007ffa40250000 	C:\WINDOWS\SYSTEM32\WINHTTP.dll
0x00007ffa46a20000 - 0x00007ffa46a87000 	C:\WINDOWS\system32\mswsock.dll
0x00007ff9ef2b0000 - 0x00007ff9ef2c3000 	C:\Program Files\Java\jdk-11.0.1\bin\nio.dll
0x00007ffa38160000 - 0x00007ffa3816a000 	C:\Program Files\Java\jdk-11.0.1\bin\dt_socket.dll
0x0000026f56e30000 - 0x0000026f56e33000 	C:\Program Files\Java\jdk-11.0.1\bin\api-ms-win-core-console-l1-1-0.dll
0x0000026f56e40000 - 0x0000026f56e43000 	C:\Program Files\Java\jdk-11.0.1\bin\api-ms-win-core-datetime-l1-1-0.dll
0x0000026f56e50000 - 0x0000026f56e53000 	C:\Program Files\Java\jdk-11.0.1\bin\api-ms-win-core-debug-l1-1-0.dll
0x0000026f56e60000 - 0x0000026f56e63000 	C:\Program Files\Java\jdk-11.0.1\bin\api-ms-win-core-errorhandling-l1-1-0.dll
0x0000026f7f730000 - 0x0000026f7f734000 	C:\Program Files\Java\jdk-11.0.1\bin\api-ms-win-core-file-l1-1-0.dll
0x0000026f7f740000 - 0x0000026f7f743000 	C:\Program Files\Java\jdk-11.0.1\bin\api-ms-win-core-file-l1-2-0.dll
0x0000026f7f750000 - 0x0000026f7f753000 	C:\Program Files\Java\jdk-11.0.1\bin\api-ms-win-core-file-l2-1-0.dll
0x0000026f7f760000 - 0x0000026f7f763000 	C:\Program Files\Java\jdk-11.0.1\bin\api-ms-win-core-handle-l1-1-0.dll
0x0000026f7f770000 - 0x0000026f7f773000 	C:\Program Files\Java\jdk-11.0.1\bin\api-ms-win-core-heap-l1-1-0.dll
0x0000026f7f780000 - 0x0000026f7f783000 	C:\Program Files\Java\jdk-11.0.1\bin\api-ms-win-core-interlocked-l1-1-0.dll
0x0000026f7f790000 - 0x0000026f7f793000 	C:\Program Files\Java\jdk-11.0.1\bin\api-ms-win-core-libraryloader-l1-1-0.dll
0x0000026f7f7a0000 - 0x0000026f7f7a3000 	C:\Program Files\Java\jdk-11.0.1\bin\api-ms-win-core-localization-l1-2-0.dll
0x0000026f7f7b0000 - 0x0000026f7f7b3000 	C:\Program Files\Java\jdk-11.0.1\bin\api-ms-win-core-memory-l1-1-0.dll
0x0000026f7f7c0000 - 0x0000026f7f7c3000 	C:\Program Files\Java\jdk-11.0.1\bin\api-ms-win-core-namedpipe-l1-1-0.dll
0x0000026f7f7d0000 - 0x0000026f7f7d3000 	C:\Program Files\Java\jdk-11.0.1\bin\api-ms-win-core-processenvironment-l1-1-0.dll
0x0000026f7f7e0000 - 0x0000026f7f7e3000 	C:\Program Files\Java\jdk-11.0.1\bin\api-ms-win-core-processthreads-l1-1-0.dll
0x0000026f7f7f0000 - 0x0000026f7f7f3000 	C:\Program Files\Java\jdk-11.0.1\bin\api-ms-win-core-processthreads-l1-1-1.dll
0x0000026f7fa40000 - 0x0000026f7fa43000 	C:\Program Files\Java\jdk-11.0.1\bin\api-ms-win-core-profile-l1-1-0.dll
0x0000026f7fa50000 - 0x0000026f7fa53000 	C:\Program Files\Java\jdk-11.0.1\bin\api-ms-win-core-rtlsupport-l1-1-0.dll
0x0000026f7fa60000 - 0x0000026f7fa63000 	C:\Program Files\Java\jdk-11.0.1\bin\api-ms-win-core-string-l1-1-0.dll
0x0000026f7f800000 - 0x0000026f7f803000 	C:\Program Files\Java\jdk-11.0.1\bin\api-ms-win-core-synch-l1-1-0.dll
0x0000026f7f810000 - 0x0000026f7f813000 	C:\Program Files\Java\jdk-11.0.1\bin\api-ms-win-core-synch-l1-2-0.dll
0x0000026f7f820000 - 0x0000026f7f823000 	C:\Program Files\Java\jdk-11.0.1\bin\api-ms-win-core-sysinfo-l1-1-0.dll
0x0000026f7f830000 - 0x0000026f7f833000 	C:\Program Files\Java\jdk-11.0.1\bin\api-ms-win-core-timezone-l1-1-0.dll
0x0000026f7f840000 - 0x0000026f7f843000 	C:\Program Files\Java\jdk-11.0.1\bin\api-ms-win-core-util-l1-1-0.dll
0x0000026f7f850000 - 0x0000026f7f853000 	C:\Program Files\Java\jdk-11.0.1\bin\api-ms-win-crt-conio-l1-1-0.dll
0x0000026f7f860000 - 0x0000026f7f864000 	C:\Program Files\Java\jdk-11.0.1\bin\api-ms-win-crt-convert-l1-1-0.dll
0x0000026f7f870000 - 0x0000026f7f873000 	C:\Program Files\Java\jdk-11.0.1\bin\api-ms-win-crt-environment-l1-1-0.dll
0x0000026f7f880000 - 0x0000026f7f883000 	C:\Program Files\Java\jdk-11.0.1\bin\api-ms-win-crt-filesystem-l1-1-0.dll
0x0000026f7f890000 - 0x0000026f7f893000 	C:\Program Files\Java\jdk-11.0.1\bin\api-ms-win-crt-heap-l1-1-0.dll
0x0000026f7f8a0000 - 0x0000026f7f8a3000 	C:\Program Files\Java\jdk-11.0.1\bin\api-ms-win-crt-locale-l1-1-0.dll
0x0000026f7f8b0000 - 0x0000026f7f8b5000 	C:\Program Files\Java\jdk-11.0.1\bin\api-ms-win-crt-math-l1-1-0.dll
0x0000026f7f8c0000 - 0x0000026f7f8c5000 	C:\Program Files\Java\jdk-11.0.1\bin\api-ms-win-crt-multibyte-l1-1-0.dll
0x0000026f7f8d0000 - 0x0000026f7f8e0000 	C:\Program Files\Java\jdk-11.0.1\bin\api-ms-win-crt-private-l1-1-0.dll
0x0000026f7f8e0000 - 0x0000026f7f8e3000 	C:\Program Files\Java\jdk-11.0.1\bin\api-ms-win-crt-process-l1-1-0.dll
0x0000026f7f8f0000 - 0x0000026f7f8f4000 	C:\Program Files\Java\jdk-11.0.1\bin\api-ms-win-crt-runtime-l1-1-0.dll
0x0000026f7f900000 - 0x0000026f7f904000 	C:\Program Files\Java\jdk-11.0.1\bin\api-ms-win-crt-stdio-l1-1-0.dll
0x0000026f7f910000 - 0x0000026f7f914000 	C:\Program Files\Java\jdk-11.0.1\bin\api-ms-win-crt-string-l1-1-0.dll
0x0000026f7f920000 - 0x0000026f7f923000 	C:\Program Files\Java\jdk-11.0.1\bin\api-ms-win-crt-time-l1-1-0.dll
0x0000026f7f930000 - 0x0000026f7f933000 	C:\Program Files\Java\jdk-11.0.1\bin\api-ms-win-crt-utility-l1-1-0.dll
0x00007ffa375b0000 - 0x00007ffa376a6000 	C:\Program Files\Java\jdk-11.0.1\bin\ucrtbase.dll
0x00007ffa02fc0000 - 0x00007ffa03011000 	C:\Windows\System32\concrt140.dll
0x00007ffa37590000 - 0x00007ffa375ac000 	C:\Users\rapha\.openjfx\cache\11-ea\prism_sw.dll
0x00007ffa46780000 - 0x00007ffa4684a000 	C:\WINDOWS\SYSTEM32\DNSAPI.dll
0x00007ffa49e60000 - 0x00007ffa49e68000 	C:\WINDOWS\System32\NSI.dll
0x00007ffa46740000 - 0x00007ffa4677a000 	C:\WINDOWS\SYSTEM32\IPHLPAPI.DLL
0x00007ffa40700000 - 0x00007ffa4070a000 	C:\Windows\System32\rasadhlp.dll
0x00007ffa414f0000 - 0x00007ffa41567000 	C:\WINDOWS\System32\fwpuclnt.dll
0x00007ffa48160000 - 0x00007ffa48186000 	C:\WINDOWS\System32\bcrypt.dll
0x00007ffa465a0000 - 0x00007ffa465d3000 	C:\WINDOWS\system32\rsaenh.dll
0x00007ffa47120000 - 0x00007ffa47145000 	C:\WINDOWS\SYSTEM32\USERENV.dll
0x00007ffa46ba0000 - 0x00007ffa46bac000 	C:\WINDOWS\SYSTEM32\CRYPTBASE.dll
0x00007ffa41cf0000 - 0x00007ffa41d06000 	C:\WINDOWS\SYSTEM32\dhcpcsvc6.DLL
0x00007ffa41cd0000 - 0x00007ffa41cec000 	C:\WINDOWS\SYSTEM32\dhcpcsvc.DLL
0x00007ffa1ff20000 - 0x00007ffa1ff36000 	C:\WINDOWS\system32\napinsp.dll
0x00007ffa1ff00000 - 0x00007ffa1ff1a000 	C:\WINDOWS\system32\pnrpnsp.dll
0x00007ffa1fef0000 - 0x00007ffa1fefe000 	C:\WINDOWS\System32\winrnr.dll
0x00007ffa439d0000 - 0x00007ffa439ec000 	C:\WINDOWS\system32\NLAapi.dll
0x00007ffa42a60000 - 0x00007ffa42a75000 	C:\WINDOWS\system32\wshbth.dll
0x00007ffa38150000 - 0x00007ffa38159000 	C:\Program Files\Java\jdk-11.0.1\bin\management.dll
0x00007ffa376b0000 - 0x00007ffa376bc000 	C:\Program Files\Java\jdk-11.0.1\bin\management_ext.dll
0x00007ffa38020000 - 0x00007ffa38034000 	C:\Users\rapha\.openjfx\cache\11-ea\javafx_font.dll
0x00007ffa49f20000 - 0x00007ffa4a076000 	C:\WINDOWS\System32\ole32.dll
0x00007ffa45540000 - 0x00007ffa455d9000 	C:\WINDOWS\system32\uxtheme.dll
0x00007ffa349b0000 - 0x00007ffa34cae000 	C:\WINDOWS\SYSTEM32\dwrite.dll
0x00007ffa49e70000 - 0x00007ffa49f12000 	C:\WINDOWS\System32\clbcatq.dll

dbghelp: loaded successfully - version: 4.0.5 - missing functions: none
symbol engine: initialized successfully - sym options: 0x614 - pdb path: .;C:\Program Files\Java\jdk-11.0.1\bin;C:\WINDOWS\SYSTEM32;C:\Program Files\AVAST Software\Avast;C:\WINDOWS\WinSxS\amd64_microsoft.windows.common-controls_6595b64144ccf1df_6.0.18362.535_none_e6c3b34713100821;C:\Program Files\Java\jdk-11.0.1\bin\server;C:\Users\rapha\.openjfx\cache\11-ea

VM Arguments:
jvm_args: -agentlib:jdwp=transport=dt_socket,address=127.0.0.1:50996,suspend=y,server=n -ea --add-reads=de.raphaelmuesseler.financer.shared=org.hibernate.orm.core --add-reads=de.raphaelmuesseler.financer.shared=ALL-UNNAMED --add-opens=de.raphaelmuesseler.financer.shared/de.raphaelmuesseler.financer.shared.model.db=ALL-UNNAMED --add-opens=de.raphaelmuesseler.financer.client.javafx/de.raphaelmuesseler.financer.client.javafx.main=ALL-UNNAMED --add-exports=javafx.graphics/com.sun.javafx.application=ALL-UNNAMED --add-exports=javafx.graphics/com.sun.glass.ui=ALL-UNNAMED --add-exports=javafx.graphics/com.sun.javafx.css=org.controlsfx.controls --add-exports=javafx.graphics/com.sun.javafx.scene=com.jfoenix --add-exports=javafx.graphics/com.sun.javafx.stage=com.jfoenix --add-exports=javafx.controls/com.sun.javafx.scene.control.behavior=com.jfoenix --add-exports=javafx.controls/com.sun.javafx.scene.control=com.jfoenix --add-exports=javafx.base/com.sun.javafx.binding=com.jfoenix --add-exports=javafx.base/com.sun.javafx.event=com.jfoenix -Didea.test.cyclic.buffer.size=1048576 -javaagent:C:\Users\rapha\AppData\Local\JetBrains\Toolbox\apps\IDEA-U\ch-0\193.5662.53\plugins\Groovy\lib\agent\gragent.jar -javaagent:C:\Users\rapha\AppData\Local\JetBrains\Toolbox\apps\IDEA-U\ch-0\193.5662.53\plugins\java\lib\rt\debugger-agent.jar --patch-module=de.raphaelmuesseler.financer.client.javafx=C:/Users/rapha/workspace/de.raphaelmuesseler.financer/de.raphaelmuesseler.financer.client.javafx/target/test-classes --add-reads=de.raphaelmuesseler.financer.client.javafx=ALL-UNNAMED --add-opens=de.raphaelmuesseler.financer.client.javafx/de.raphaelmuesseler.financer.client.javafx.main=ALL-UNNAMED --add-modules=de.raphaelmuesseler.financer.client.javafx -Dfile.encoding=UTF-8 --module-path=C:\Users\rapha\.m2\repository\org\openjfx\javafx-base\11-ea+25\javafx-base-11-ea+25-win.jar;C:\Users\rapha\.m2\repository\org\openjfx\javafx-controls\11-ea+25\javafx-controls-11-ea+25-win.jar;C:\Users\rapha\workspace\de.raphaelmuesseler.financer\de.raphaelmuesseler.financer.util\target\classes;C:\Users\rapha\.m2\repository\org\controlsfx\controlsfx\11.0.0-RC2\controlsfx-11.0.0-RC2.jar;C:\Users\rapha\.m2\repository\org\openjfx\javafx-graphics\11-ea+25\javafx-graphics-11-ea+25-win.jar;C:\Users\rapha\workspace\de.raphaelmuesseler.financer\de.raphaelmuesseler.financer.client.javafx\target\classes;C:\Users\rapha\.m2\repository\org\openjfx\javafx-web\11\javafx-web-11-win.jar;C:\Users\rapha\workspace\de.raphaelmuesseler.financer\de.raphaelmuesseler.financer.client\target\classes;C:\Users\rapha\.m2\repository\com\jfoenix\jfoenix\9.0.9\jfoenix-9.0.9.jar;C:\Users\rapha\.m2\repository\org\openjfx\javafx-media\11\javafx-media-11-win.jar;C:\Users\rapha\workspace\de.raphaelmuesseler.financer\de.raphaelmuesseler.financer.shared\target\classes;C:\Users\rapha\.m2\repository\javax\persistence\javax.persistence-api\2.2\javax.persistence-api-2.2.jar;C:\Users\rapha\.m2\repository\org\openjfx\javafx-fxml\11.0.2\javafx-fxml-11.0.2-win.jar 
java_command: com.intellij.rt.junit.JUnitStarter -ideVersion5 -junit5 de.raphaelmuesseler.financer.client.javafx.main.CategoryTest,testCreateCategory
java_class_path (initial): C:\Users\rapha\AppData\Local\JetBrains\Toolbox\apps\IDEA-U\ch-0\193.5662.53\lib\idea_rt.jar;C:\Users\rapha\AppData\Local\JetBrains\Toolbox\apps\IDEA-U\ch-0\193.5662.53\plugins\junit\lib\junit5-rt.jar;C:\Users\rapha\AppData\Local\JetBrains\Toolbox\apps\IDEA-U\ch-0\193.5662.53\plugins\junit\lib\junit-rt.jar;C:\Users\rapha\workspace\de.raphaelmuesseler.financer\de.raphaelmuesseler.financer.client.javafx\target\test-classes;C:\Users\rapha\.m2\repository\org\openjfx\javafx-fxml\11.0.2\javafx-fxml-11.0.2.jar;C:\Users\rapha\.m2\repository\org\openjfx\javafx-controls\11.0.2\javafx-controls-11.0.2.jar;C:\Users\rapha\workspace\de.raphaelmuesseler.financer\de.raphaelmuesseler.financer.server\target\classes;C:\Users\rapha\.m2\repository\org\hibernate\hibernate-c3p0\5.4.4.Final\hibernate-c3p0-5.4.4.Final.jar;C:\Users\rapha\.m2\repository\com\mchange\c3p0\0.9.5.3\c3p0-0.9.5.3.jar;C:\Users\rapha\.m2\repository\com\mchange\mchange-commons-java\0.2.15\mchange-commons-java-0.2.15.jar;C:\Users\rapha\.m2\repository\mysql\mysql-connector-java\8.0.17\mysql-connector-java-8.0.17.jar;C:\Users\rapha\.m2\repository\com\google\protobuf\protobuf-java\3.6.1\protobuf-java-3.6.1.jar;C:\Users\rapha\.m2\repository\javax\xml\bind\jaxb-api\2.4.0-b180830.0359\jaxb-api-2.4.0-b180830.0359.jar;C:\Users\rapha\.m2\repository\com\sun\xml\bind\jaxb-core\2.3.0.1\jaxb-core-2.3.0.1.jar;C:\Users\rapha\.m2\repository\com\sun\xml\bind\jaxb-impl\2.4.0-b180830.0438\jaxb-impl-2.4.0-b180830.0438.jar;C:\Users\rapha\.m2\repository\org\hsqldb\hsqldb\2.5.0\hsqldb-2.5.0.jar;C:\Users\rapha\.m2\repository\org\openjfx\javafx-base\11\javafx-base-11.jar;C:\Users\rapha\.m2\repository\org\openjfx\javafx-graphics\11\javafx-graphics-11.jar;C:\Users\rapha\.m2\repository\org\openjfx\javafx-media\11\javafx-media-11.jar;C:\Users\rapha\.m2\repository\org\openjfx\javafx-web\11\javafx-web-11.jar;C:\Users\rapha\.m2\repository\org\testfx\testfx-core\4.0.16-alpha\testfx-core-4.0.16-alpha.jar;C:\Users\rapha\.m2\re
Launcher Type: SUN_STANDARD

[Global flags]
     intx CICompilerCount                          = 4                                         {product} {ergonomic}
     uint ConcGCThreads                            = 3                                         {product} {ergonomic}
     uint G1ConcRefinementThreads                  = 10                                        {product} {ergonomic}
   size_t G1HeapRegionSize                         = 1048576                                   {product} {ergonomic}
    uintx GCDrainStackTargetSize                   = 64                                        {product} {ergonomic}
   size_t InitialHeapSize                          = 268435456                                 {product} {ergonomic}
   size_t MarkStackSize                            = 4194304                                   {product} {ergonomic}
   size_t MaxHeapSize                              = 4282384384                                {product} {ergonomic}
   size_t MaxNewSize                               = 2569011200                                {product} {ergonomic}
   size_t MinHeapDeltaBytes                        = 1048576                                   {product} {ergonomic}
    uintx NonNMethodCodeHeapSize                   = 5835340                                {pd product} {ergonomic}
    uintx NonProfiledCodeHeapSize                  = 122911450                              {pd product} {ergonomic}
    uintx ProfiledCodeHeapSize                     = 122911450                              {pd product} {ergonomic}
    uintx ReservedCodeCacheSize                    = 251658240                              {pd product} {ergonomic}
     bool SegmentedCodeCache                       = true                                      {product} {ergonomic}
     bool UseCompressedClassPointers               = true                                 {lp64_product} {ergonomic}
     bool UseCompressedOops                        = true                                 {lp64_product} {ergonomic}
     bool UseG1GC                                  = true                                      {product} {ergonomic}
     bool UseLargePagesIndividualAllocation        = false                                  {pd product} {ergonomic}

Logging:
Log output configuration:
 #0: stdout all=warning uptime,level,tags
 #1: stderr all=off uptime,level,tags

Environment Variables:
JAVA_HOME=C:\Program Files\Java\jdk-11.0.1
PATH=C:\ProgramData\DockerDesktop\version-bin;C:\Program Files\Docker\Docker\Resources\bin;C:\Program Files (x86)\Common Files\Oracle\Java\javapath;C:\Program Files\Java\jdk-11.0.1\bin;C:\WINDOWS\system32;C:\WINDOWS;C:\WINDOWS\System32\Wbem;C:\WINDOWS\System32\WindowsPowerShell\v1.0\;C:\WINDOWS\System32\OpenSSH\;C:\Program Files\Git\cmd;C:\opt\apache-maven-3.6.0\bin;C:\Program Files\MiKTeX 2.9\miktex\bin\x64\;C:\Program Files\MATLAB\R2019a\bin;C:\Program Files\MATLAB\R2018b\bin;C:\Android;C:\Windows\System32;C:\Program Files (x86)\Yarn\bin\;C:\Program Files\nodejs\;C:\Program Files\Java\jdk-11.0.1\bin;C:\Users\rapha\AppData\Local\Microsoft\WindowsApps;C:\Users\rapha\AppData\Local\atom\bin;C:\Users\rapha\AppData\Local\GitHubDesktop\bin;;C:\Users\rapha\AppData\Local\Microsoft\WindowsApps;C:\Users\rapha\AppData\Local\Yarn\bin;C:\Users\rapha\AppData\Roaming\npm
USERNAME=rapha
OS=Windows_NT
PROCESSOR_IDENTIFIER=AMD64 Family 23 Model 8 Stepping 2, AuthenticAMD



---------------  S Y S T E M  ---------------

OS: Windows 10 , 64 bit Build 18362 (10.0.18362.329)

CPU:total 12 (initial active 12) (12 cores per cpu, 2 threads per core) family 23 model 8 stepping 2, cmov, cx8, fxsr, mmx, sse, sse2, sse3, ssse3, sse4.1, sse4.2, popcnt, avx, avx2, aes, clmul, mmxext, 3dnowpref, lzcnt, sse4a, ht, tsc, tscinvbit, tscinv, bmi1, bmi2, adx, sha, fma

Memory: 4k page, system-wide physical 16335M (5413M free)
TotalPageFile size 30671M (AvailPageFile size 13291M)
current process WorkingSet (physical memory assigned to process): 337M, peak: 340M
current process commit charge ("private bytes"): 496M, peak: 504M

vm_info: Java HotSpot(TM) 64-Bit Server VM (11.0.1+13-LTS) for windows-amd64 JRE (11.0.1+13-LTS), built on Oct  6 2018 13:20:16 by "mach5one" with MS VC++ 15.5 (VS2017)

END.
